Reading command line.
Tree reading.
Matrices reading.
Warning : Matrix 1 has infinite distance (>= 4.5).
Warning : Matrix 2 has infinite distance (>= 4.5).
Warning : Matrix 8 has infinite distance (>= 4.5).
Warning : Matrix 10 has infinite distance (>= 4.5).
Warning : Matrix 13 has infinite distance (>= 4.5).
Warning : Matrix 15 has infinite distance (>= 4.5).
Warning : Matrix 20 has infinite distance (>= 4.5).
Warning : Matrix 21 has infinite distance (>= 4.5).
Warning : Matrix 23 has infinite distance (>= 4.5).
Warning : Matrix 25 has infinite distance (>= 4.5).
Warning : Matrix 26 has infinite distance (>= 4.5).
Warning : Matrix 27 has infinite distance (>= 4.5).
Warning : Matrix 39 has infinite distance (>= 4.5).
Warning : Matrix 47 has infinite distance (>= 4.5).
Warning : Matrix 48 has infinite distance (>= 4.5).
Warning : Matrix 52 has infinite distance (>= 4.5).
Warning : Matrix 53 has infinite distance (>= 4.5).
Warning : Matrix 55 has infinite distance (>= 4.5).
Warning : Matrix 57 has infinite distance (>= 4.5).
Warning : Matrix 58 has infinite distance (>= 4.5).
Warning : Matrix 60 has infinite distance (>= 4.5).
Warning : Matrix 69 has infinite distance (>= 4.5).
Warning : Matrix 70 has infinite distance (>= 4.5).
Warning : Matrix 74 has infinite distance (>= 4.5).
Warning : Matrix 76 has infinite distance (>= 4.5).
Warning : Matrix 81 has infinite distance (>= 4.5).
Warning : Matrix 82 has infinite distance (>= 4.5).
Warning : Matrix 84 has infinite distance (>= 4.5).
Warning : Matrix 86 has infinite distance (>= 4.5).
Warning : Matrix 87 has infinite distance (>= 4.5).
Warning : Matrix 89 has infinite distance (>= 4.5).
Warning : Matrix 91 has infinite distance (>= 4.5).
Warning : Matrix 92 has infinite distance (>= 4.5).
Warning : Matrix 93 has infinite distance (>= 4.5).
Warning : Matrix 97 has infinite distance (>= 4.5).
Warning : Matrix 102 has infinite distance (>= 4.5).
Warning : Matrix 104 has infinite distance (>= 4.5).
Warning : Matrix 105 has infinite distance (>= 4.5).
Warning : Matrix 107 has infinite distance (>= 4.5).
Warning : Matrix 115 has infinite distance (>= 4.5).
Warning : Matrix 116 has infinite distance (>= 4.5).
Warning : Matrix 118 has infinite distance (>= 4.5).
Warning : Matrix 120 has infinite distance (>= 4.5).
Warning : Matrix 121 has infinite distance (>= 4.5).
Warning : Matrix 124 has infinite distance (>= 4.5).
Warning : Matrix 126 has infinite distance (>= 4.5).
Warning : Matrix 127 has infinite distance (>= 4.5).
Warning : Matrix 128 has infinite distance (>= 4.5).
Warning : Matrix 129 has infinite distance (>= 4.5).
Warning : Matrix 134 has infinite distance (>= 4.5).
Warning : Matrix 136 has infinite distance (>= 4.5).
Warning : Matrix 141 has infinite distance (>= 4.5).
Warning : Matrix 143 has infinite distance (>= 4.5).
Warning : Matrix 149 has infinite distance (>= 4.5).
Warning : Matrix 150 has infinite distance (>= 4.5).
Warning : Matrix 151 has infinite distance (>= 4.5).
Warning : Matrix 154 has infinite distance (>= 4.5).
Warning : Matrix 155 has infinite distance (>= 4.5).
Warning : Matrix 157 has infinite distance (>= 4.5).
Warning : Matrix 164 has infinite distance (>= 4.5).
Warning : Matrix 166 has infinite distance (>= 4.5).
Warning : Matrix 172 has infinite distance (>= 4.5).
Warning : Matrix 174 has infinite distance (>= 4.5).
Warning : Matrix 177 has infinite distance (>= 4.5).
Warning : Matrix 179 has infinite distance (>= 4.5).
Warning : Matrix 180 has infinite distance (>= 4.5).
Warning : Matrix 192 has infinite distance (>= 4.5).
Warning : Matrix 193 has infinite distance (>= 4.5).
Warning : Matrix 195 has infinite distance (>= 4.5).
Warning : Matrix 197 has infinite distance (>= 4.5).
Warning : Matrix 199 has infinite distance (>= 4.5).
Warning : Matrix 200 has infinite distance (>= 4.5).
Warning : Matrix 205 has infinite distance (>= 4.5).
Warning : Matrix 206 has infinite distance (>= 4.5).
Warning : Matrix 207 has infinite distance (>= 4.5).
Warning : Matrix 208 has infinite distance (>= 4.5).
Warning : Matrix 209 has infinite distance (>= 4.5).
Warning : Matrix 211 has infinite distance (>= 4.5).
Warning : Matrix 215 has infinite distance (>= 4.5).
Warning : Matrix 220 has infinite distance (>= 4.5).
Warning : Matrix 221 has infinite distance (>= 4.5).
Warning : Matrix 222 has infinite distance (>= 4.5).
Warning : Matrix 229 has infinite distance (>= 4.5).
Warning : Matrix 230 has infinite distance (>= 4.5).
Warning : Matrix 233 has infinite distance (>= 4.5).
Warning : Matrix 236 has infinite distance (>= 4.5).
Warning : Matrix 244 has infinite distance (>= 4.5).
Warning : Matrix 245 has infinite distance (>= 4.5).
Warning : Matrix 249 has infinite distance (>= 4.5).
Warning : Matrix 250 has infinite distance (>= 4.5).
Warning : Matrix 253 has infinite distance (>= 4.5).
Warning : Matrix 254 has infinite distance (>= 4.5).
Warning : Matrix 255 has infinite distance (>= 4.5).
Warning : Matrix 261 has infinite distance (>= 4.5).
Warning : Matrix 262 has infinite distance (>= 4.5).
Warning : Matrix 264 has infinite distance (>= 4.5).
Warning : Matrix 265 has infinite distance (>= 4.5).
Warning : Matrix 269 has infinite distance (>= 4.5).
Warning : Matrix 271 has infinite distance (>= 4.5).
Warning : Matrix 272 has infinite distance (>= 4.5).
Warning : Matrix 277 has infinite distance (>= 4.5).
Warning : Matrix 280 has infinite distance (>= 4.5).
Warning : Matrix 284 has infinite distance (>= 4.5).
Warning : Matrix 289 has infinite distance (>= 4.5).
Warning : Matrix 299 has infinite distance (>= 4.5).
Warning : Matrix 300 has infinite distance (>= 4.5).
Warning : Matrix 312 has infinite distance (>= 4.5).
Warning : Matrix 319 has infinite distance (>= 4.5).
Warning : Matrix 328 has infinite distance (>= 4.5).
Warning : Matrix 331 has infinite distance (>= 4.5).
Warning : Matrix 333 has infinite distance (>= 4.5).
Warning : Matrix 334 has infinite distance (>= 4.5).
Warning : Matrix 336 has infinite distance (>= 4.5).
Warning : Matrix 338 has infinite distance (>= 4.5).
Warning : Matrix 339 has infinite distance (>= 4.5).
Warning : Matrix 340 has infinite distance (>= 4.5).
Warning : Matrix 341 has infinite distance (>= 4.5).
Warning : Matrix 348 has infinite distance (>= 4.5).
Warning : Matrix 353 has infinite distance (>= 4.5).
Warning : Matrix 356 has infinite distance (>= 4.5).
Warning : Matrix 361 has infinite distance (>= 4.5).
Warning : Matrix 364 has infinite distance (>= 4.5).
Warning : Matrix 367 has infinite distance (>= 4.5).
Warning : Matrix 371 has infinite distance (>= 4.5).
Warning : Matrix 373 has infinite distance (>= 4.5).
Warning : Matrix 378 has infinite distance (>= 4.5).
Warning : Matrix 382 has infinite distance (>= 4.5).
Warning : Matrix 385 has infinite distance (>= 4.5).
Warning : Matrix 387 has infinite distance (>= 4.5).
Warning : Matrix 388 has infinite distance (>= 4.5).
Warning : Matrix 393 has infinite distance (>= 4.5).
Warning : Matrix 394 has infinite distance (>= 4.5).
Warning : Matrix 395 has infinite distance (>= 4.5).
Warning : Matrix 399 has infinite distance (>= 4.5).
Warning : Matrix 409 has infinite distance (>= 4.5).
Warning : Matrix 410 has infinite distance (>= 4.5).
Warning : Matrix 413 has infinite distance (>= 4.5).
Warning : Matrix 414 has infinite distance (>= 4.5).
Warning : Matrix 421 has infinite distance (>= 4.5).
Warning : Matrix 425 has infinite distance (>= 4.5).
Warning : Matrix 427 has infinite distance (>= 4.5).
Warning : Matrix 430 has infinite distance (>= 4.5).
Warning : Matrix 433 has infinite distance (>= 4.5).
Warning : Matrix 434 has infinite distance (>= 4.5).
Warning : Matrix 435 has infinite distance (>= 4.5).
Warning : Matrix 436 has infinite distance (>= 4.5).
Warning : Matrix 442 has infinite distance (>= 4.5).
Warning : Matrix 443 has infinite distance (>= 4.5).
Warning : Matrix 444 has infinite distance (>= 4.5).
Warning : Matrix 445 has infinite distance (>= 4.5).
Warning : Matrix 448 has infinite distance (>= 4.5).
Warning : Matrix 452 has infinite distance (>= 4.5).
Warning : Matrix 453 has infinite distance (>= 4.5).
Warning : Matrix 455 has infinite distance (>= 4.5).
Warning : Matrix 460 has infinite distance (>= 4.5).
Warning : Matrix 462 has infinite distance (>= 4.5).
Warning : Matrix 470 has infinite distance (>= 4.5).
Warning : Matrix 473 has infinite distance (>= 4.5).
Warning : Matrix 474 has infinite distance (>= 4.5).
Warning : Matrix 481 has infinite distance (>= 4.5).
Warning : Matrix 484 has infinite distance (>= 4.5).
Warning : Matrix 488 has infinite distance (>= 4.5).
Warning : Matrix 497 has infinite distance (>= 4.5).
Warning : Matrix 501 has infinite distance (>= 4.5).
Warning : Matrix 503 has infinite distance (>= 4.5).
Warning : Matrix 507 has infinite distance (>= 4.5).
Warning : Matrix 508 has infinite distance (>= 4.5).
Warning : Matrix 509 has infinite distance (>= 4.5).
Warning : Matrix 511 has infinite distance (>= 4.5).
Warning : Matrix 514 has infinite distance (>= 4.5).
Warning : Matrix 518 has infinite distance (>= 4.5).
Warning : Matrix 527 has infinite distance (>= 4.5).
Warning : Matrix 529 has infinite distance (>= 4.5).
Warning : Matrix 532 has infinite distance (>= 4.5).
Warning : Matrix 534 has infinite distance (>= 4.5).
Warning : Matrix 535 has infinite distance (>= 4.5).
Warning : Matrix 538 has infinite distance (>= 4.5).
Warning : Matrix 539 has infinite distance (>= 4.5).
Warning : Matrix 542 has infinite distance (>= 4.5).
Warning : Matrix 544 has infinite distance (>= 4.5).
Warning : Matrix 555 has infinite distance (>= 4.5).
Warning : Matrix 556 has infinite distance (>= 4.5).
Warning : Matrix 558 has infinite distance (>= 4.5).
Warning : Matrix 559 has infinite distance (>= 4.5).
Warning : Matrix 564 has infinite distance (>= 4.5).
Warning : Matrix 567 has infinite distance (>= 4.5).
Warning : Matrix 568 has infinite distance (>= 4.5).
Warning : Matrix 577 has infinite distance (>= 4.5).
Warning : Matrix 578 has infinite distance (>= 4.5).
Warning : Matrix 579 has infinite distance (>= 4.5).
Warning : Matrix 590 has infinite distance (>= 4.5).
Warning : Matrix 591 has infinite distance (>= 4.5).
Warning : Matrix 595 has infinite distance (>= 4.5).
Warning : Matrix 598 has infinite distance (>= 4.5).
Warning : Matrix 600 has infinite distance (>= 4.5).
Warning : Matrix 602 has infinite distance (>= 4.5).
Warning : Matrix 604 has infinite distance (>= 4.5).
Warning : Matrix 605 has infinite distance (>= 4.5).
Warning : Matrix 612 has infinite distance (>= 4.5).
Warning : Matrix 614 has infinite distance (>= 4.5).
Warning : Matrix 615 has infinite distance (>= 4.5).
Warning : Matrix 617 has infinite distance (>= 4.5).
Warning : Matrix 618 has infinite distance (>= 4.5).
Warning : Matrix 619 has infinite distance (>= 4.5).
Warning : Matrix 621 has infinite distance (>= 4.5).
Warning : Matrix 628 has infinite distance (>= 4.5).
Warning : Matrix 629 has infinite distance (>= 4.5).
Warning : Matrix 630 has infinite distance (>= 4.5).
Warning : Matrix 636 has infinite distance (>= 4.5).
Warning : Matrix 639 has infinite distance (>= 4.5).
Warning : Matrix 645 has infinite distance (>= 4.5).
Warning : Matrix 649 has infinite distance (>= 4.5).
Warning : Matrix 652 has infinite distance (>= 4.5).
Warning : Matrix 653 has infinite distance (>= 4.5).
Warning : Matrix 655 has infinite distance (>= 4.5).
Warning : Matrix 657 has infinite distance (>= 4.5).
Warning : Matrix 658 has infinite distance (>= 4.5).
Warning : Matrix 661 has infinite distance (>= 4.5).
Warning : Matrix 665 has infinite distance (>= 4.5).
Warning : Matrix 667 has infinite distance (>= 4.5).
Warning : Matrix 668 has infinite distance (>= 4.5).
Warning : Matrix 669 has infinite distance (>= 4.5).
Warning : Matrix 671 has infinite distance (>= 4.5).
Warning : Matrix 676 has infinite distance (>= 4.5).
Warning : Matrix 683 has infinite distance (>= 4.5).
Warning : Matrix 690 has infinite distance (>= 4.5).
Warning : Matrix 691 has infinite distance (>= 4.5).
Warning : Matrix 695 has infinite distance (>= 4.5).
Warning : Matrix 697 has infinite distance (>= 4.5).
Warning : Matrix 699 has infinite distance (>= 4.5).
Warning : Matrix 701 has infinite distance (>= 4.5).
Warning : Matrix 702 has infinite distance (>= 4.5).
Warning : Matrix 703 has infinite distance (>= 4.5).
Warning : Matrix 707 has infinite distance (>= 4.5).
Warning : Matrix 708 has infinite distance (>= 4.5).
Warning : Matrix 716 has infinite distance (>= 4.5).
Warning : Matrix 723 has infinite distance (>= 4.5).
Warning : Matrix 725 has infinite distance (>= 4.5).
Warning : Matrix 728 has infinite distance (>= 4.5).
Warning : Matrix 729 has infinite distance (>= 4.5).
Warning : Matrix 733 has infinite distance (>= 4.5).
Warning : Matrix 735 has infinite distance (>= 4.5).
Warning : Matrix 739 has infinite distance (>= 4.5).
Warning : Matrix 740 has infinite distance (>= 4.5).
Warning : Matrix 742 has infinite distance (>= 4.5).
Warning : Matrix 743 has infinite distance (>= 4.5).
Warning : Matrix 746 has infinite distance (>= 4.5).
Warning : Matrix 748 has infinite distance (>= 4.5).
Warning : Matrix 749 has infinite distance (>= 4.5).
Warning : Matrix 753 has infinite distance (>= 4.5).
Warning : Matrix 758 has infinite distance (>= 4.5).
Warning : Matrix 760 has infinite distance (>= 4.5).
Warning : Matrix 777 has infinite distance (>= 4.5).
Warning : Matrix 782 has infinite distance (>= 4.5).
Warning : Matrix 786 has infinite distance (>= 4.5).
Warning : Matrix 795 has infinite distance (>= 4.5).
Warning : Matrix 797 has infinite distance (>= 4.5).
Warning : Matrix 802 has infinite distance (>= 4.5).
Warning : Matrix 805 has infinite distance (>= 4.5).
Warning : Matrix 811 has infinite distance (>= 4.5).
Warning : Matrix 813 has infinite distance (>= 4.5).
Warning : Matrix 814 has infinite distance (>= 4.5).
Warning : Matrix 819 has infinite distance (>= 4.5).
Warning : Matrix 821 has infinite distance (>= 4.5).
Warning : Matrix 822 has infinite distance (>= 4.5).
Warning : Matrix 826 has infinite distance (>= 4.5).
Warning : Matrix 828 has infinite distance (>= 4.5).
Warning : Matrix 831 has infinite distance (>= 4.5).
Warning : Matrix 840 has infinite distance (>= 4.5).
Warning : Matrix 843 has infinite distance (>= 4.5).
Warning : Matrix 847 has infinite distance (>= 4.5).
Warning : Matrix 849 has infinite distance (>= 4.5).
Warning : Matrix 857 has infinite distance (>= 4.5).
Warning : Matrix 858 has infinite distance (>= 4.5).
Warning : Matrix 859 has infinite distance (>= 4.5).
Warning : Matrix 861 has infinite distance (>= 4.5).
Warning : Matrix 864 has infinite distance (>= 4.5).
Warning : Matrix 866 has infinite distance (>= 4.5).
Warning : Matrix 867 has infinite distance (>= 4.5).
Warning : Matrix 868 has infinite distance (>= 4.5).
Warning : Matrix 870 has infinite distance (>= 4.5).
Warning : Matrix 874 has infinite distance (>= 4.5).
Warning : Matrix 877 has infinite distance (>= 4.5).
Warning : Matrix 878 has infinite distance (>= 4.5).
Warning : Matrix 879 has infinite distance (>= 4.5).
Warning : Matrix 884 has infinite distance (>= 4.5).
Warning : Matrix 886 has infinite distance (>= 4.5).
Warning : Matrix 890 has infinite distance (>= 4.5).
Warning : Matrix 891 has infinite distance (>= 4.5).
Warning : Matrix 895 has infinite distance (>= 4.5).
Warning : Matrix 899 has infinite distance (>= 4.5).
Warning : Matrix 901 has infinite distance (>= 4.5).
Warning : Matrix 902 has infinite distance (>= 4.5).
Warning : Matrix 903 has infinite distance (>= 4.5).
Warning : Matrix 910 has infinite distance (>= 4.5).
Warning : Matrix 915 has infinite distance (>= 4.5).
Warning : Matrix 919 has infinite distance (>= 4.5).
Warning : Matrix 923 has infinite distance (>= 4.5).
Warning : Matrix 925 has infinite distance (>= 4.5).
Warning : Matrix 932 has infinite distance (>= 4.5).
Warning : Matrix 933 has infinite distance (>= 4.5).
Warning : Matrix 937 has infinite distance (>= 4.5).
Warning : Matrix 942 has infinite distance (>= 4.5).
Warning : Matrix 943 has infinite distance (>= 4.5).
Warning : Matrix 949 has infinite distance (>= 4.5).
Warning : Matrix 955 has infinite distance (>= 4.5).
Warning : Matrix 963 has infinite distance (>= 4.5).
Warning : Matrix 966 has infinite distance (>= 4.5).
Warning : Matrix 970 has infinite distance (>= 4.5).
Warning : Matrix 973 has infinite distance (>= 4.5).
Warning : Matrix 974 has infinite distance (>= 4.5).
Warning : Matrix 979 has infinite distance (>= 4.5).
Warning : Matrix 984 has infinite distance (>= 4.5).
Warning : Matrix 987 has infinite distance (>= 4.5).
Warning : Matrix 994 has infinite distance (>= 4.5).
Warning : Matrix 996 has infinite distance (>= 4.5).
Weigths reading.
Wseq weights
Constraint nksumdist
System construction.
System resolution (ldlt method).
Correction factor : 1.01602
Rates writting.
Branch lengths writting.

Total time : 810 mili seconds.
