Reading command line.
Tree reading.
Matrices reading.
Warning : Matrix 2 has infinite distance (>= 4.5).
Warning : Matrix 5 has infinite distance (>= 4.5).
Warning : Matrix 9 has infinite distance (>= 4.5).
Warning : Matrix 10 has infinite distance (>= 4.5).
Warning : Matrix 15 has infinite distance (>= 4.5).
Warning : Matrix 24 has infinite distance (>= 4.5).
Warning : Matrix 32 has infinite distance (>= 4.5).
Warning : Matrix 34 has infinite distance (>= 4.5).
Warning : Matrix 37 has infinite distance (>= 4.5).
Warning : Matrix 44 has infinite distance (>= 4.5).
Warning : Matrix 53 has infinite distance (>= 4.5).
Warning : Matrix 56 has infinite distance (>= 4.5).
Warning : Matrix 57 has infinite distance (>= 4.5).
Warning : Matrix 58 has infinite distance (>= 4.5).
Warning : Matrix 63 has infinite distance (>= 4.5).
Warning : Matrix 68 has infinite distance (>= 4.5).
Warning : Matrix 83 has infinite distance (>= 4.5).
Warning : Matrix 84 has infinite distance (>= 4.5).
Warning : Matrix 89 has infinite distance (>= 4.5).
Warning : Matrix 92 has infinite distance (>= 4.5).
Warning : Matrix 95 has infinite distance (>= 4.5).
Warning : Matrix 99 has infinite distance (>= 4.5).
Warning : Matrix 102 has infinite distance (>= 4.5).
Warning : Matrix 104 has infinite distance (>= 4.5).
Warning : Matrix 109 has infinite distance (>= 4.5).
Warning : Matrix 113 has infinite distance (>= 4.5).
Warning : Matrix 115 has infinite distance (>= 4.5).
Warning : Matrix 119 has infinite distance (>= 4.5).
Warning : Matrix 125 has infinite distance (>= 4.5).
Warning : Matrix 129 has infinite distance (>= 4.5).
Warning : Matrix 131 has infinite distance (>= 4.5).
Warning : Matrix 132 has infinite distance (>= 4.5).
Warning : Matrix 143 has infinite distance (>= 4.5).
Warning : Matrix 147 has infinite distance (>= 4.5).
Warning : Matrix 149 has infinite distance (>= 4.5).
Warning : Matrix 157 has infinite distance (>= 4.5).
Warning : Matrix 158 has infinite distance (>= 4.5).
Warning : Matrix 163 has infinite distance (>= 4.5).
Warning : Matrix 173 has infinite distance (>= 4.5).
Warning : Matrix 179 has infinite distance (>= 4.5).
Warning : Matrix 180 has infinite distance (>= 4.5).
Warning : Matrix 190 has infinite distance (>= 4.5).
Warning : Matrix 194 has infinite distance (>= 4.5).
Warning : Matrix 198 has infinite distance (>= 4.5).
Warning : Matrix 200 has infinite distance (>= 4.5).
Warning : Matrix 205 has infinite distance (>= 4.5).
Warning : Matrix 210 has infinite distance (>= 4.5).
Warning : Matrix 216 has infinite distance (>= 4.5).
Warning : Matrix 218 has infinite distance (>= 4.5).
Warning : Matrix 226 has infinite distance (>= 4.5).
Warning : Matrix 227 has infinite distance (>= 4.5).
Warning : Matrix 230 has infinite distance (>= 4.5).
Warning : Matrix 232 has infinite distance (>= 4.5).
Warning : Matrix 233 has infinite distance (>= 4.5).
Warning : Matrix 245 has infinite distance (>= 4.5).
Warning : Matrix 248 has infinite distance (>= 4.5).
Warning : Matrix 252 has infinite distance (>= 4.5).
Warning : Matrix 253 has infinite distance (>= 4.5).
Warning : Matrix 256 has infinite distance (>= 4.5).
Warning : Matrix 258 has infinite distance (>= 4.5).
Warning : Matrix 259 has infinite distance (>= 4.5).
Warning : Matrix 264 has infinite distance (>= 4.5).
Warning : Matrix 271 has infinite distance (>= 4.5).
Warning : Matrix 277 has infinite distance (>= 4.5).
Warning : Matrix 284 has infinite distance (>= 4.5).
Warning : Matrix 300 has infinite distance (>= 4.5).
Warning : Matrix 303 has infinite distance (>= 4.5).
Warning : Matrix 307 has infinite distance (>= 4.5).
Warning : Matrix 309 has infinite distance (>= 4.5).
Warning : Matrix 312 has infinite distance (>= 4.5).
Warning : Matrix 319 has infinite distance (>= 4.5).
Warning : Matrix 320 has infinite distance (>= 4.5).
Warning : Matrix 327 has infinite distance (>= 4.5).
Warning : Matrix 330 has infinite distance (>= 4.5).
Warning : Matrix 332 has infinite distance (>= 4.5).
Warning : Matrix 333 has infinite distance (>= 4.5).
Warning : Matrix 343 has infinite distance (>= 4.5).
Warning : Matrix 352 has infinite distance (>= 4.5).
Warning : Matrix 355 has infinite distance (>= 4.5).
Warning : Matrix 358 has infinite distance (>= 4.5).
Warning : Matrix 361 has infinite distance (>= 4.5).
Warning : Matrix 364 has infinite distance (>= 4.5).
Warning : Matrix 368 has infinite distance (>= 4.5).
Warning : Matrix 372 has infinite distance (>= 4.5).
Warning : Matrix 382 has infinite distance (>= 4.5).
Warning : Matrix 384 has infinite distance (>= 4.5).
Warning : Matrix 386 has infinite distance (>= 4.5).
Warning : Matrix 387 has infinite distance (>= 4.5).
Warning : Matrix 397 has infinite distance (>= 4.5).
Warning : Matrix 404 has infinite distance (>= 4.5).
Warning : Matrix 413 has infinite distance (>= 4.5).
Warning : Matrix 414 has infinite distance (>= 4.5).
Warning : Matrix 418 has infinite distance (>= 4.5).
Warning : Matrix 419 has infinite distance (>= 4.5).
Warning : Matrix 421 has infinite distance (>= 4.5).
Warning : Matrix 425 has infinite distance (>= 4.5).
Warning : Matrix 429 has infinite distance (>= 4.5).
Warning : Matrix 432 has infinite distance (>= 4.5).
Warning : Matrix 433 has infinite distance (>= 4.5).
Warning : Matrix 452 has infinite distance (>= 4.5).
Warning : Matrix 460 has infinite distance (>= 4.5).
Warning : Matrix 471 has infinite distance (>= 4.5).
Warning : Matrix 481 has infinite distance (>= 4.5).
Warning : Matrix 482 has infinite distance (>= 4.5).
Warning : Matrix 483 has infinite distance (>= 4.5).
Warning : Matrix 485 has infinite distance (>= 4.5).
Warning : Matrix 488 has infinite distance (>= 4.5).
Warning : Matrix 490 has infinite distance (>= 4.5).
Warning : Matrix 495 has infinite distance (>= 4.5).
Warning : Matrix 497 has infinite distance (>= 4.5).
Warning : Matrix 500 has infinite distance (>= 4.5).
Warning : Matrix 503 has infinite distance (>= 4.5).
Warning : Matrix 505 has infinite distance (>= 4.5).
Warning : Matrix 506 has infinite distance (>= 4.5).
Warning : Matrix 509 has infinite distance (>= 4.5).
Warning : Matrix 513 has infinite distance (>= 4.5).
Warning : Matrix 515 has infinite distance (>= 4.5).
Warning : Matrix 516 has infinite distance (>= 4.5).
Warning : Matrix 520 has infinite distance (>= 4.5).
Warning : Matrix 521 has infinite distance (>= 4.5).
Warning : Matrix 523 has infinite distance (>= 4.5).
Warning : Matrix 525 has infinite distance (>= 4.5).
Warning : Matrix 527 has infinite distance (>= 4.5).
Warning : Matrix 528 has infinite distance (>= 4.5).
Warning : Matrix 532 has infinite distance (>= 4.5).
Warning : Matrix 547 has infinite distance (>= 4.5).
Warning : Matrix 550 has infinite distance (>= 4.5).
Warning : Matrix 553 has infinite distance (>= 4.5).
Warning : Matrix 572 has infinite distance (>= 4.5).
Warning : Matrix 575 has infinite distance (>= 4.5).
Warning : Matrix 580 has infinite distance (>= 4.5).
Warning : Matrix 582 has infinite distance (>= 4.5).
Warning : Matrix 586 has infinite distance (>= 4.5).
Warning : Matrix 590 has infinite distance (>= 4.5).
Warning : Matrix 591 has infinite distance (>= 4.5).
Warning : Matrix 607 has infinite distance (>= 4.5).
Warning : Matrix 608 has infinite distance (>= 4.5).
Warning : Matrix 611 has infinite distance (>= 4.5).
Warning : Matrix 614 has infinite distance (>= 4.5).
Warning : Matrix 615 has infinite distance (>= 4.5).
Warning : Matrix 635 has infinite distance (>= 4.5).
Warning : Matrix 638 has infinite distance (>= 4.5).
Warning : Matrix 640 has infinite distance (>= 4.5).
Warning : Matrix 642 has infinite distance (>= 4.5).
Warning : Matrix 652 has infinite distance (>= 4.5).
Warning : Matrix 668 has infinite distance (>= 4.5).
Warning : Matrix 692 has infinite distance (>= 4.5).
Warning : Matrix 697 has infinite distance (>= 4.5).
Warning : Matrix 703 has infinite distance (>= 4.5).
Warning : Matrix 718 has infinite distance (>= 4.5).
Warning : Matrix 722 has infinite distance (>= 4.5).
Warning : Matrix 724 has infinite distance (>= 4.5).
Warning : Matrix 729 has infinite distance (>= 4.5).
Warning : Matrix 733 has infinite distance (>= 4.5).
Warning : Matrix 735 has infinite distance (>= 4.5).
Warning : Matrix 738 has infinite distance (>= 4.5).
Warning : Matrix 740 has infinite distance (>= 4.5).
Warning : Matrix 749 has infinite distance (>= 4.5).
Warning : Matrix 752 has infinite distance (>= 4.5).
Warning : Matrix 753 has infinite distance (>= 4.5).
Warning : Matrix 754 has infinite distance (>= 4.5).
Warning : Matrix 755 has infinite distance (>= 4.5).
Warning : Matrix 758 has infinite distance (>= 4.5).
Warning : Matrix 781 has infinite distance (>= 4.5).
Warning : Matrix 783 has infinite distance (>= 4.5).
Warning : Matrix 791 has infinite distance (>= 4.5).
Warning : Matrix 795 has infinite distance (>= 4.5).
Warning : Matrix 798 has infinite distance (>= 4.5).
Warning : Matrix 799 has infinite distance (>= 4.5).
Warning : Matrix 801 has infinite distance (>= 4.5).
Warning : Matrix 802 has infinite distance (>= 4.5).
Warning : Matrix 803 has infinite distance (>= 4.5).
Warning : Matrix 806 has infinite distance (>= 4.5).
Warning : Matrix 813 has infinite distance (>= 4.5).
Warning : Matrix 816 has infinite distance (>= 4.5).
Warning : Matrix 830 has infinite distance (>= 4.5).
Warning : Matrix 838 has infinite distance (>= 4.5).
Warning : Matrix 842 has infinite distance (>= 4.5).
Warning : Matrix 843 has infinite distance (>= 4.5).
Warning : Matrix 850 has infinite distance (>= 4.5).
Warning : Matrix 856 has infinite distance (>= 4.5).
Warning : Matrix 857 has infinite distance (>= 4.5).
Warning : Matrix 864 has infinite distance (>= 4.5).
Warning : Matrix 867 has infinite distance (>= 4.5).
Warning : Matrix 868 has infinite distance (>= 4.5).
Warning : Matrix 870 has infinite distance (>= 4.5).
Warning : Matrix 872 has infinite distance (>= 4.5).
Warning : Matrix 874 has infinite distance (>= 4.5).
Warning : Matrix 885 has infinite distance (>= 4.5).
Warning : Matrix 896 has infinite distance (>= 4.5).
Warning : Matrix 906 has infinite distance (>= 4.5).
Warning : Matrix 909 has infinite distance (>= 4.5).
Warning : Matrix 910 has infinite distance (>= 4.5).
Warning : Matrix 913 has infinite distance (>= 4.5).
Warning : Matrix 917 has infinite distance (>= 4.5).
Warning : Matrix 918 has infinite distance (>= 4.5).
Warning : Matrix 929 has infinite distance (>= 4.5).
Warning : Matrix 931 has infinite distance (>= 4.5).
Warning : Matrix 946 has infinite distance (>= 4.5).
Warning : Matrix 948 has infinite distance (>= 4.5).
Warning : Matrix 951 has infinite distance (>= 4.5).
Warning : Matrix 952 has infinite distance (>= 4.5).
Warning : Matrix 953 has infinite distance (>= 4.5).
Warning : Matrix 955 has infinite distance (>= 4.5).
Warning : Matrix 957 has infinite distance (>= 4.5).
Warning : Matrix 959 has infinite distance (>= 4.5).
Warning : Matrix 961 has infinite distance (>= 4.5).
Warning : Matrix 973 has infinite distance (>= 4.5).
Warning : Matrix 974 has infinite distance (>= 4.5).
Warning : Matrix 982 has infinite distance (>= 4.5).
Warning : Matrix 987 has infinite distance (>= 4.5).
Warning : Matrix 990 has infinite distance (>= 4.5).
Weigths reading.
Wseq weights
Constraint nksumdist
System construction.
System resolution (ldlt method).
Correction factor : 1.00374
Rates writting.
Branch lengths writting.

Total time : 1090 mili seconds.
