Reading command line.
Tree reading.
Matrices reading.
Warning : Matrix 1 has infinite distance (>= 4.5).
Warning : Matrix 5 has infinite distance (>= 4.5).
Warning : Matrix 11 has infinite distance (>= 4.5).
Warning : Matrix 12 has infinite distance (>= 4.5).
Warning : Matrix 15 has infinite distance (>= 4.5).
Warning : Matrix 16 has infinite distance (>= 4.5).
Warning : Matrix 20 has infinite distance (>= 4.5).
Warning : Matrix 28 has infinite distance (>= 4.5).
Warning : Matrix 33 has infinite distance (>= 4.5).
Warning : Matrix 41 has infinite distance (>= 4.5).
Warning : Matrix 44 has infinite distance (>= 4.5).
Warning : Matrix 59 has infinite distance (>= 4.5).
Warning : Matrix 74 has infinite distance (>= 4.5).
Warning : Matrix 76 has infinite distance (>= 4.5).
Warning : Matrix 96 has infinite distance (>= 4.5).
Warning : Matrix 97 has infinite distance (>= 4.5).
Warning : Matrix 114 has infinite distance (>= 4.5).
Warning : Matrix 121 has infinite distance (>= 4.5).
Warning : Matrix 124 has infinite distance (>= 4.5).
Warning : Matrix 134 has infinite distance (>= 4.5).
Warning : Matrix 146 has infinite distance (>= 4.5).
Warning : Matrix 150 has infinite distance (>= 4.5).
Warning : Matrix 157 has infinite distance (>= 4.5).
Warning : Matrix 168 has infinite distance (>= 4.5).
Warning : Matrix 181 has infinite distance (>= 4.5).
Warning : Matrix 186 has infinite distance (>= 4.5).
Warning : Matrix 188 has infinite distance (>= 4.5).
Warning : Matrix 197 has infinite distance (>= 4.5).
Warning : Matrix 216 has infinite distance (>= 4.5).
Warning : Matrix 219 has infinite distance (>= 4.5).
Warning : Matrix 230 has infinite distance (>= 4.5).
Warning : Matrix 231 has infinite distance (>= 4.5).
Warning : Matrix 236 has infinite distance (>= 4.5).
Warning : Matrix 246 has infinite distance (>= 4.5).
Warning : Matrix 248 has infinite distance (>= 4.5).
Warning : Matrix 266 has infinite distance (>= 4.5).
Warning : Matrix 270 has infinite distance (>= 4.5).
Warning : Matrix 278 has infinite distance (>= 4.5).
Warning : Matrix 289 has infinite distance (>= 4.5).
Warning : Matrix 299 has infinite distance (>= 4.5).
Warning : Matrix 303 has infinite distance (>= 4.5).
Warning : Matrix 312 has infinite distance (>= 4.5).
Warning : Matrix 321 has infinite distance (>= 4.5).
Warning : Matrix 322 has infinite distance (>= 4.5).
Warning : Matrix 338 has infinite distance (>= 4.5).
Warning : Matrix 341 has infinite distance (>= 4.5).
Warning : Matrix 348 has infinite distance (>= 4.5).
Warning : Matrix 369 has infinite distance (>= 4.5).
Warning : Matrix 370 has infinite distance (>= 4.5).
Warning : Matrix 372 has infinite distance (>= 4.5).
Warning : Matrix 397 has infinite distance (>= 4.5).
Warning : Matrix 399 has infinite distance (>= 4.5).
Warning : Matrix 401 has infinite distance (>= 4.5).
Warning : Matrix 403 has infinite distance (>= 4.5).
Warning : Matrix 424 has infinite distance (>= 4.5).
Warning : Matrix 447 has infinite distance (>= 4.5).
Warning : Matrix 471 has infinite distance (>= 4.5).
Warning : Matrix 477 has infinite distance (>= 4.5).
Warning : Matrix 479 has infinite distance (>= 4.5).
Warning : Matrix 484 has infinite distance (>= 4.5).
Warning : Matrix 494 has infinite distance (>= 4.5).
Warning : Matrix 502 has infinite distance (>= 4.5).
Warning : Matrix 504 has infinite distance (>= 4.5).
Warning : Matrix 508 has infinite distance (>= 4.5).
Warning : Matrix 519 has infinite distance (>= 4.5).
Warning : Matrix 521 has infinite distance (>= 4.5).
Warning : Matrix 533 has infinite distance (>= 4.5).
Warning : Matrix 539 has infinite distance (>= 4.5).
Warning : Matrix 543 has infinite distance (>= 4.5).
Warning : Matrix 545 has infinite distance (>= 4.5).
Warning : Matrix 569 has infinite distance (>= 4.5).
Warning : Matrix 572 has infinite distance (>= 4.5).
Warning : Matrix 587 has infinite distance (>= 4.5).
Warning : Matrix 588 has infinite distance (>= 4.5).
Warning : Matrix 606 has infinite distance (>= 4.5).
Warning : Matrix 613 has infinite distance (>= 4.5).
Warning : Matrix 617 has infinite distance (>= 4.5).
Warning : Matrix 630 has infinite distance (>= 4.5).
Warning : Matrix 644 has infinite distance (>= 4.5).
Warning : Matrix 645 has infinite distance (>= 4.5).
Warning : Matrix 658 has infinite distance (>= 4.5).
Warning : Matrix 673 has infinite distance (>= 4.5).
Warning : Matrix 678 has infinite distance (>= 4.5).
Warning : Matrix 688 has infinite distance (>= 4.5).
Warning : Matrix 700 has infinite distance (>= 4.5).
Warning : Matrix 706 has infinite distance (>= 4.5).
Warning : Matrix 708 has infinite distance (>= 4.5).
Warning : Matrix 714 has infinite distance (>= 4.5).
Warning : Matrix 724 has infinite distance (>= 4.5).
Warning : Matrix 729 has infinite distance (>= 4.5).
Warning : Matrix 736 has infinite distance (>= 4.5).
Warning : Matrix 745 has infinite distance (>= 4.5).
Warning : Matrix 748 has infinite distance (>= 4.5).
Warning : Matrix 751 has infinite distance (>= 4.5).
Warning : Matrix 755 has infinite distance (>= 4.5).
Warning : Matrix 777 has infinite distance (>= 4.5).
Warning : Matrix 788 has infinite distance (>= 4.5).
Warning : Matrix 791 has infinite distance (>= 4.5).
Warning : Matrix 797 has infinite distance (>= 4.5).
Warning : Matrix 810 has infinite distance (>= 4.5).
Warning : Matrix 828 has infinite distance (>= 4.5).
Warning : Matrix 829 has infinite distance (>= 4.5).
Warning : Matrix 832 has infinite distance (>= 4.5).
Warning : Matrix 833 has infinite distance (>= 4.5).
Warning : Matrix 836 has infinite distance (>= 4.5).
Warning : Matrix 838 has infinite distance (>= 4.5).
Warning : Matrix 844 has infinite distance (>= 4.5).
Warning : Matrix 847 has infinite distance (>= 4.5).
Warning : Matrix 853 has infinite distance (>= 4.5).
Warning : Matrix 854 has infinite distance (>= 4.5).
Warning : Matrix 870 has infinite distance (>= 4.5).
Warning : Matrix 888 has infinite distance (>= 4.5).
Warning : Matrix 903 has infinite distance (>= 4.5).
Warning : Matrix 914 has infinite distance (>= 4.5).
Warning : Matrix 924 has infinite distance (>= 4.5).
Warning : Matrix 943 has infinite distance (>= 4.5).
Warning : Matrix 944 has infinite distance (>= 4.5).
Warning : Matrix 946 has infinite distance (>= 4.5).
Warning : Matrix 954 has infinite distance (>= 4.5).
Warning : Matrix 981 has infinite distance (>= 4.5).
Warning : Matrix 983 has infinite distance (>= 4.5).
Warning : Matrix 985 has infinite distance (>= 4.5).
Warning : Matrix 988 has infinite distance (>= 4.5).
Warning : Matrix 993 has infinite distance (>= 4.5).
Warning : Matrix 999 has infinite distance (>= 4.5).
Weigths reading.
Wseq weights
Constraint nksumdist
System construction.
System resolution (ldlt method).
Correction factor : 1.0102
Rates writting.
Branch lengths writting.

Total time : 1220 mili seconds.
