Reading command line.
Tree reading.
Matrices reading.
Warning : Matrix 17 has infinite distance (>= 4.5).
Warning : Matrix 21 has infinite distance (>= 4.5).
Warning : Matrix 22 has infinite distance (>= 4.5).
Warning : Matrix 31 has infinite distance (>= 4.5).
Warning : Matrix 39 has infinite distance (>= 4.5).
Warning : Matrix 45 has infinite distance (>= 4.5).
Warning : Matrix 48 has infinite distance (>= 4.5).
Warning : Matrix 53 has infinite distance (>= 4.5).
Warning : Matrix 66 has infinite distance (>= 4.5).
Warning : Matrix 77 has infinite distance (>= 4.5).
Warning : Matrix 93 has infinite distance (>= 4.5).
Warning : Matrix 108 has infinite distance (>= 4.5).
Warning : Matrix 128 has infinite distance (>= 4.5).
Warning : Matrix 143 has infinite distance (>= 4.5).
Warning : Matrix 147 has infinite distance (>= 4.5).
Warning : Matrix 148 has infinite distance (>= 4.5).
Warning : Matrix 151 has infinite distance (>= 4.5).
Warning : Matrix 152 has infinite distance (>= 4.5).
Warning : Matrix 159 has infinite distance (>= 4.5).
Warning : Matrix 200 has infinite distance (>= 4.5).
Warning : Matrix 210 has infinite distance (>= 4.5).
Warning : Matrix 223 has infinite distance (>= 4.5).
Warning : Matrix 236 has infinite distance (>= 4.5).
Warning : Matrix 239 has infinite distance (>= 4.5).
Warning : Matrix 245 has infinite distance (>= 4.5).
Warning : Matrix 248 has infinite distance (>= 4.5).
Warning : Matrix 255 has infinite distance (>= 4.5).
Warning : Matrix 265 has infinite distance (>= 4.5).
Warning : Matrix 266 has infinite distance (>= 4.5).
Warning : Matrix 274 has infinite distance (>= 4.5).
Warning : Matrix 275 has infinite distance (>= 4.5).
Warning : Matrix 278 has infinite distance (>= 4.5).
Warning : Matrix 279 has infinite distance (>= 4.5).
Warning : Matrix 282 has infinite distance (>= 4.5).
Warning : Matrix 283 has infinite distance (>= 4.5).
Warning : Matrix 288 has infinite distance (>= 4.5).
Warning : Matrix 291 has infinite distance (>= 4.5).
Warning : Matrix 312 has infinite distance (>= 4.5).
Warning : Matrix 316 has infinite distance (>= 4.5).
Warning : Matrix 322 has infinite distance (>= 4.5).
Warning : Matrix 337 has infinite distance (>= 4.5).
Warning : Matrix 344 has infinite distance (>= 4.5).
Warning : Matrix 367 has infinite distance (>= 4.5).
Warning : Matrix 369 has infinite distance (>= 4.5).
Warning : Matrix 373 has infinite distance (>= 4.5).
Warning : Matrix 376 has infinite distance (>= 4.5).
Warning : Matrix 385 has infinite distance (>= 4.5).
Warning : Matrix 386 has infinite distance (>= 4.5).
Warning : Matrix 390 has infinite distance (>= 4.5).
Warning : Matrix 395 has infinite distance (>= 4.5).
Warning : Matrix 398 has infinite distance (>= 4.5).
Warning : Matrix 409 has infinite distance (>= 4.5).
Warning : Matrix 421 has infinite distance (>= 4.5).
Warning : Matrix 437 has infinite distance (>= 4.5).
Warning : Matrix 448 has infinite distance (>= 4.5).
Warning : Matrix 449 has infinite distance (>= 4.5).
Warning : Matrix 469 has infinite distance (>= 4.5).
Warning : Matrix 473 has infinite distance (>= 4.5).
Warning : Matrix 496 has infinite distance (>= 4.5).
Warning : Matrix 497 has infinite distance (>= 4.5).
Warning : Matrix 501 has infinite distance (>= 4.5).
Warning : Matrix 504 has infinite distance (>= 4.5).
Warning : Matrix 507 has infinite distance (>= 4.5).
Warning : Matrix 516 has infinite distance (>= 4.5).
Warning : Matrix 521 has infinite distance (>= 4.5).
Warning : Matrix 522 has infinite distance (>= 4.5).
Warning : Matrix 543 has infinite distance (>= 4.5).
Warning : Matrix 557 has infinite distance (>= 4.5).
Warning : Matrix 572 has infinite distance (>= 4.5).
Warning : Matrix 573 has infinite distance (>= 4.5).
Warning : Matrix 577 has infinite distance (>= 4.5).
Warning : Matrix 599 has infinite distance (>= 4.5).
Warning : Matrix 603 has infinite distance (>= 4.5).
Warning : Matrix 610 has infinite distance (>= 4.5).
Warning : Matrix 611 has infinite distance (>= 4.5).
Warning : Matrix 620 has infinite distance (>= 4.5).
Warning : Matrix 621 has infinite distance (>= 4.5).
Warning : Matrix 637 has infinite distance (>= 4.5).
Warning : Matrix 646 has infinite distance (>= 4.5).
Warning : Matrix 659 has infinite distance (>= 4.5).
Warning : Matrix 661 has infinite distance (>= 4.5).
Warning : Matrix 673 has infinite distance (>= 4.5).
Warning : Matrix 688 has infinite distance (>= 4.5).
Warning : Matrix 695 has infinite distance (>= 4.5).
Warning : Matrix 700 has infinite distance (>= 4.5).
Warning : Matrix 701 has infinite distance (>= 4.5).
Warning : Matrix 702 has infinite distance (>= 4.5).
Warning : Matrix 707 has infinite distance (>= 4.5).
Warning : Matrix 719 has infinite distance (>= 4.5).
Warning : Matrix 722 has infinite distance (>= 4.5).
Warning : Matrix 723 has infinite distance (>= 4.5).
Warning : Matrix 729 has infinite distance (>= 4.5).
Warning : Matrix 740 has infinite distance (>= 4.5).
Warning : Matrix 746 has infinite distance (>= 4.5).
Warning : Matrix 755 has infinite distance (>= 4.5).
Warning : Matrix 763 has infinite distance (>= 4.5).
Warning : Matrix 769 has infinite distance (>= 4.5).
Warning : Matrix 773 has infinite distance (>= 4.5).
Warning : Matrix 774 has infinite distance (>= 4.5).
Warning : Matrix 781 has infinite distance (>= 4.5).
Warning : Matrix 782 has infinite distance (>= 4.5).
Warning : Matrix 789 has infinite distance (>= 4.5).
Warning : Matrix 805 has infinite distance (>= 4.5).
Warning : Matrix 809 has infinite distance (>= 4.5).
Warning : Matrix 810 has infinite distance (>= 4.5).
Warning : Matrix 812 has infinite distance (>= 4.5).
Warning : Matrix 813 has infinite distance (>= 4.5).
Warning : Matrix 814 has infinite distance (>= 4.5).
Warning : Matrix 822 has infinite distance (>= 4.5).
Warning : Matrix 824 has infinite distance (>= 4.5).
Warning : Matrix 839 has infinite distance (>= 4.5).
Warning : Matrix 842 has infinite distance (>= 4.5).
Warning : Matrix 857 has infinite distance (>= 4.5).
Warning : Matrix 866 has infinite distance (>= 4.5).
Warning : Matrix 878 has infinite distance (>= 4.5).
Warning : Matrix 890 has infinite distance (>= 4.5).
Warning : Matrix 896 has infinite distance (>= 4.5).
Warning : Matrix 897 has infinite distance (>= 4.5).
Warning : Matrix 900 has infinite distance (>= 4.5).
Warning : Matrix 911 has infinite distance (>= 4.5).
Warning : Matrix 912 has infinite distance (>= 4.5).
Warning : Matrix 925 has infinite distance (>= 4.5).
Warning : Matrix 929 has infinite distance (>= 4.5).
Warning : Matrix 930 has infinite distance (>= 4.5).
Warning : Matrix 931 has infinite distance (>= 4.5).
Warning : Matrix 935 has infinite distance (>= 4.5).
Warning : Matrix 936 has infinite distance (>= 4.5).
Warning : Matrix 942 has infinite distance (>= 4.5).
Warning : Matrix 943 has infinite distance (>= 4.5).
Warning : Matrix 947 has infinite distance (>= 4.5).
Warning : Matrix 950 has infinite distance (>= 4.5).
Warning : Matrix 961 has infinite distance (>= 4.5).
Warning : Matrix 964 has infinite distance (>= 4.5).
Warning : Matrix 966 has infinite distance (>= 4.5).
Warning : Matrix 969 has infinite distance (>= 4.5).
Warning : Matrix 987 has infinite distance (>= 4.5).
Warning : Matrix 988 has infinite distance (>= 4.5).
Warning : Matrix 991 has infinite distance (>= 4.5).
Warning : Matrix 992 has infinite distance (>= 4.5).
Warning : Matrix 995 has infinite distance (>= 4.5).
Warning : Matrix 998 has infinite distance (>= 4.5).
Warning : Matrix 999 has infinite distance (>= 4.5).
Weigths reading.
Wseq weights
Constraint nksumdist
System construction.
System resolution (ldlt method).
Correction factor : 1.00646
Rates writting.
Branch lengths writting.

Total time : 1370 mili seconds.
