Reading command line.
Tree reading.
Matrices reading.
Warning : Matrix 53 has infinite distance (>= 4.5).
Warning : Matrix 56 has infinite distance (>= 4.5).
Warning : Matrix 159 has infinite distance (>= 4.5).
Warning : Matrix 228 has infinite distance (>= 4.5).
Warning : Matrix 492 has infinite distance (>= 4.5).
Warning : Matrix 504 has infinite distance (>= 4.5).
Warning : Matrix 577 has infinite distance (>= 4.5).
Warning : Matrix 733 has infinite distance (>= 4.5).
Warning : Matrix 767 has infinite distance (>= 4.5).
Warning : Matrix 953 has infinite distance (>= 4.5).
Warning : Matrix 965 has infinite distance (>= 4.5).
Weigths reading.
Wseq weights
Constraint nksumdist
System construction.
System resolution (ldlt method).
Correction factor : 1.00912
Rates writting.
Branch lengths writting.

Total time : 810 mili seconds.
