Reading command line.
Tree reading.
Matrices reading.
Warning : Matrix 13 has infinite distance (>= 4.5).
Warning : Matrix 30 has infinite distance (>= 4.5).
Warning : Matrix 38 has infinite distance (>= 4.5).
Warning : Matrix 49 has infinite distance (>= 4.5).
Warning : Matrix 63 has infinite distance (>= 4.5).
Warning : Matrix 66 has infinite distance (>= 4.5).
Warning : Matrix 67 has infinite distance (>= 4.5).
Warning : Matrix 68 has infinite distance (>= 4.5).
Warning : Matrix 75 has infinite distance (>= 4.5).
Warning : Matrix 77 has infinite distance (>= 4.5).
Warning : Matrix 83 has infinite distance (>= 4.5).
Warning : Matrix 84 has infinite distance (>= 4.5).
Warning : Matrix 91 has infinite distance (>= 4.5).
Warning : Matrix 92 has infinite distance (>= 4.5).
Warning : Matrix 98 has infinite distance (>= 4.5).
Warning : Matrix 99 has infinite distance (>= 4.5).
Warning : Matrix 116 has infinite distance (>= 4.5).
Warning : Matrix 121 has infinite distance (>= 4.5).
Warning : Matrix 124 has infinite distance (>= 4.5).
Warning : Matrix 132 has infinite distance (>= 4.5).
Warning : Matrix 153 has infinite distance (>= 4.5).
Warning : Matrix 171 has infinite distance (>= 4.5).
Warning : Matrix 172 has infinite distance (>= 4.5).
Warning : Matrix 184 has infinite distance (>= 4.5).
Warning : Matrix 193 has infinite distance (>= 4.5).
Warning : Matrix 199 has infinite distance (>= 4.5).
Warning : Matrix 206 has infinite distance (>= 4.5).
Warning : Matrix 226 has infinite distance (>= 4.5).
Warning : Matrix 238 has infinite distance (>= 4.5).
Warning : Matrix 250 has infinite distance (>= 4.5).
Warning : Matrix 257 has infinite distance (>= 4.5).
Warning : Matrix 265 has infinite distance (>= 4.5).
Warning : Matrix 270 has infinite distance (>= 4.5).
Warning : Matrix 282 has infinite distance (>= 4.5).
Warning : Matrix 285 has infinite distance (>= 4.5).
Warning : Matrix 297 has infinite distance (>= 4.5).
Warning : Matrix 298 has infinite distance (>= 4.5).
Warning : Matrix 299 has infinite distance (>= 4.5).
Warning : Matrix 301 has infinite distance (>= 4.5).
Warning : Matrix 320 has infinite distance (>= 4.5).
Warning : Matrix 321 has infinite distance (>= 4.5).
Warning : Matrix 324 has infinite distance (>= 4.5).
Warning : Matrix 325 has infinite distance (>= 4.5).
Warning : Matrix 332 has infinite distance (>= 4.5).
Warning : Matrix 334 has infinite distance (>= 4.5).
Warning : Matrix 339 has infinite distance (>= 4.5).
Warning : Matrix 340 has infinite distance (>= 4.5).
Warning : Matrix 354 has infinite distance (>= 4.5).
Warning : Matrix 355 has infinite distance (>= 4.5).
Warning : Matrix 361 has infinite distance (>= 4.5).
Warning : Matrix 365 has infinite distance (>= 4.5).
Warning : Matrix 367 has infinite distance (>= 4.5).
Warning : Matrix 368 has infinite distance (>= 4.5).
Warning : Matrix 375 has infinite distance (>= 4.5).
Warning : Matrix 377 has infinite distance (>= 4.5).
Warning : Matrix 378 has infinite distance (>= 4.5).
Warning : Matrix 382 has infinite distance (>= 4.5).
Warning : Matrix 385 has infinite distance (>= 4.5).
Warning : Matrix 390 has infinite distance (>= 4.5).
Warning : Matrix 392 has infinite distance (>= 4.5).
Warning : Matrix 393 has infinite distance (>= 4.5).
Warning : Matrix 398 has infinite distance (>= 4.5).
Warning : Matrix 399 has infinite distance (>= 4.5).
Warning : Matrix 408 has infinite distance (>= 4.5).
Warning : Matrix 414 has infinite distance (>= 4.5).
Warning : Matrix 418 has infinite distance (>= 4.5).
Warning : Matrix 420 has infinite distance (>= 4.5).
Warning : Matrix 432 has infinite distance (>= 4.5).
Warning : Matrix 437 has infinite distance (>= 4.5).
Warning : Matrix 440 has infinite distance (>= 4.5).
Warning : Matrix 441 has infinite distance (>= 4.5).
Warning : Matrix 443 has infinite distance (>= 4.5).
Warning : Matrix 452 has infinite distance (>= 4.5).
Warning : Matrix 460 has infinite distance (>= 4.5).
Warning : Matrix 475 has infinite distance (>= 4.5).
Warning : Matrix 476 has infinite distance (>= 4.5).
Warning : Matrix 478 has infinite distance (>= 4.5).
Warning : Matrix 479 has infinite distance (>= 4.5).
Warning : Matrix 481 has infinite distance (>= 4.5).
Warning : Matrix 498 has infinite distance (>= 4.5).
Warning : Matrix 503 has infinite distance (>= 4.5).
Warning : Matrix 521 has infinite distance (>= 4.5).
Warning : Matrix 532 has infinite distance (>= 4.5).
Warning : Matrix 533 has infinite distance (>= 4.5).
Warning : Matrix 540 has infinite distance (>= 4.5).
Warning : Matrix 554 has infinite distance (>= 4.5).
Warning : Matrix 562 has infinite distance (>= 4.5).
Warning : Matrix 565 has infinite distance (>= 4.5).
Warning : Matrix 583 has infinite distance (>= 4.5).
Warning : Matrix 586 has infinite distance (>= 4.5).
Warning : Matrix 601 has infinite distance (>= 4.5).
Warning : Matrix 603 has infinite distance (>= 4.5).
Warning : Matrix 607 has infinite distance (>= 4.5).
Warning : Matrix 611 has infinite distance (>= 4.5).
Warning : Matrix 612 has infinite distance (>= 4.5).
Warning : Matrix 617 has infinite distance (>= 4.5).
Warning : Matrix 624 has infinite distance (>= 4.5).
Warning : Matrix 631 has infinite distance (>= 4.5).
Warning : Matrix 642 has infinite distance (>= 4.5).
Warning : Matrix 643 has infinite distance (>= 4.5).
Warning : Matrix 665 has infinite distance (>= 4.5).
Warning : Matrix 666 has infinite distance (>= 4.5).
Warning : Matrix 676 has infinite distance (>= 4.5).
Warning : Matrix 682 has infinite distance (>= 4.5).
Warning : Matrix 684 has infinite distance (>= 4.5).
Warning : Matrix 688 has infinite distance (>= 4.5).
Warning : Matrix 694 has infinite distance (>= 4.5).
Warning : Matrix 696 has infinite distance (>= 4.5).
Warning : Matrix 718 has infinite distance (>= 4.5).
Warning : Matrix 726 has infinite distance (>= 4.5).
Warning : Matrix 732 has infinite distance (>= 4.5).
Warning : Matrix 735 has infinite distance (>= 4.5).
Warning : Matrix 746 has infinite distance (>= 4.5).
Warning : Matrix 771 has infinite distance (>= 4.5).
Warning : Matrix 777 has infinite distance (>= 4.5).
Warning : Matrix 778 has infinite distance (>= 4.5).
Warning : Matrix 783 has infinite distance (>= 4.5).
Warning : Matrix 785 has infinite distance (>= 4.5).
Warning : Matrix 788 has infinite distance (>= 4.5).
Warning : Matrix 789 has infinite distance (>= 4.5).
Warning : Matrix 812 has infinite distance (>= 4.5).
Warning : Matrix 815 has infinite distance (>= 4.5).
Warning : Matrix 816 has infinite distance (>= 4.5).
Warning : Matrix 818 has infinite distance (>= 4.5).
Warning : Matrix 823 has infinite distance (>= 4.5).
Warning : Matrix 827 has infinite distance (>= 4.5).
Warning : Matrix 834 has infinite distance (>= 4.5).
Warning : Matrix 874 has infinite distance (>= 4.5).
Warning : Matrix 878 has infinite distance (>= 4.5).
Warning : Matrix 896 has infinite distance (>= 4.5).
Warning : Matrix 898 has infinite distance (>= 4.5).
Warning : Matrix 909 has infinite distance (>= 4.5).
Warning : Matrix 920 has infinite distance (>= 4.5).
Warning : Matrix 941 has infinite distance (>= 4.5).
Warning : Matrix 943 has infinite distance (>= 4.5).
Warning : Matrix 946 has infinite distance (>= 4.5).
Warning : Matrix 949 has infinite distance (>= 4.5).
Warning : Matrix 960 has infinite distance (>= 4.5).
Warning : Matrix 966 has infinite distance (>= 4.5).
Warning : Matrix 969 has infinite distance (>= 4.5).
Warning : Matrix 974 has infinite distance (>= 4.5).
Warning : Matrix 979 has infinite distance (>= 4.5).
Warning : Matrix 982 has infinite distance (>= 4.5).
Warning : Matrix 993 has infinite distance (>= 4.5).
Warning : Matrix 997 has infinite distance (>= 4.5).
Weigths reading.
Wseq weights
Constraint nksumdist
System construction.
System resolution (ldlt method).
Correction factor : 1.02328
Rates writting.
Branch lengths writting.

Total time : 1230 mili seconds.
