Reading command line.
Tree reading.
Matrices reading.
Warning : Matrix 22 has infinite distance (>= 4.5).
Warning : Matrix 25 has infinite distance (>= 4.5).
Warning : Matrix 42 has infinite distance (>= 4.5).
Warning : Matrix 51 has infinite distance (>= 4.5).
Warning : Matrix 54 has infinite distance (>= 4.5).
Warning : Matrix 69 has infinite distance (>= 4.5).
Warning : Matrix 73 has infinite distance (>= 4.5).
Warning : Matrix 77 has infinite distance (>= 4.5).
Warning : Matrix 80 has infinite distance (>= 4.5).
Warning : Matrix 81 has infinite distance (>= 4.5).
Warning : Matrix 88 has infinite distance (>= 4.5).
Warning : Matrix 100 has infinite distance (>= 4.5).
Warning : Matrix 104 has infinite distance (>= 4.5).
Warning : Matrix 107 has infinite distance (>= 4.5).
Warning : Matrix 124 has infinite distance (>= 4.5).
Warning : Matrix 127 has infinite distance (>= 4.5).
Warning : Matrix 146 has infinite distance (>= 4.5).
Warning : Matrix 158 has infinite distance (>= 4.5).
Warning : Matrix 162 has infinite distance (>= 4.5).
Warning : Matrix 166 has infinite distance (>= 4.5).
Warning : Matrix 172 has infinite distance (>= 4.5).
Warning : Matrix 174 has infinite distance (>= 4.5).
Warning : Matrix 175 has infinite distance (>= 4.5).
Warning : Matrix 176 has infinite distance (>= 4.5).
Warning : Matrix 180 has infinite distance (>= 4.5).
Warning : Matrix 186 has infinite distance (>= 4.5).
Warning : Matrix 199 has infinite distance (>= 4.5).
Warning : Matrix 203 has infinite distance (>= 4.5).
Warning : Matrix 209 has infinite distance (>= 4.5).
Warning : Matrix 220 has infinite distance (>= 4.5).
Warning : Matrix 236 has infinite distance (>= 4.5).
Warning : Matrix 243 has infinite distance (>= 4.5).
Warning : Matrix 248 has infinite distance (>= 4.5).
Warning : Matrix 266 has infinite distance (>= 4.5).
Warning : Matrix 277 has infinite distance (>= 4.5).
Warning : Matrix 290 has infinite distance (>= 4.5).
Warning : Matrix 301 has infinite distance (>= 4.5).
Warning : Matrix 307 has infinite distance (>= 4.5).
Warning : Matrix 334 has infinite distance (>= 4.5).
Warning : Matrix 337 has infinite distance (>= 4.5).
Warning : Matrix 346 has infinite distance (>= 4.5).
Warning : Matrix 389 has infinite distance (>= 4.5).
Warning : Matrix 401 has infinite distance (>= 4.5).
Warning : Matrix 404 has infinite distance (>= 4.5).
Warning : Matrix 405 has infinite distance (>= 4.5).
Warning : Matrix 408 has infinite distance (>= 4.5).
Warning : Matrix 422 has infinite distance (>= 4.5).
Warning : Matrix 441 has infinite distance (>= 4.5).
Warning : Matrix 450 has infinite distance (>= 4.5).
Warning : Matrix 451 has infinite distance (>= 4.5).
Warning : Matrix 452 has infinite distance (>= 4.5).
Warning : Matrix 490 has infinite distance (>= 4.5).
Warning : Matrix 515 has infinite distance (>= 4.5).
Warning : Matrix 522 has infinite distance (>= 4.5).
Warning : Matrix 525 has infinite distance (>= 4.5).
Warning : Matrix 534 has infinite distance (>= 4.5).
Warning : Matrix 559 has infinite distance (>= 4.5).
Warning : Matrix 565 has infinite distance (>= 4.5).
Warning : Matrix 581 has infinite distance (>= 4.5).
Warning : Matrix 605 has infinite distance (>= 4.5).
Warning : Matrix 618 has infinite distance (>= 4.5).
Warning : Matrix 637 has infinite distance (>= 4.5).
Warning : Matrix 644 has infinite distance (>= 4.5).
Warning : Matrix 656 has infinite distance (>= 4.5).
Warning : Matrix 673 has infinite distance (>= 4.5).
Warning : Matrix 678 has infinite distance (>= 4.5).
Warning : Matrix 694 has infinite distance (>= 4.5).
Warning : Matrix 702 has infinite distance (>= 4.5).
Warning : Matrix 709 has infinite distance (>= 4.5).
Warning : Matrix 711 has infinite distance (>= 4.5).
Warning : Matrix 747 has infinite distance (>= 4.5).
Warning : Matrix 754 has infinite distance (>= 4.5).
Warning : Matrix 788 has infinite distance (>= 4.5).
Warning : Matrix 808 has infinite distance (>= 4.5).
Warning : Matrix 820 has infinite distance (>= 4.5).
Warning : Matrix 823 has infinite distance (>= 4.5).
Warning : Matrix 826 has infinite distance (>= 4.5).
Warning : Matrix 859 has infinite distance (>= 4.5).
Warning : Matrix 886 has infinite distance (>= 4.5).
Warning : Matrix 899 has infinite distance (>= 4.5).
Warning : Matrix 904 has infinite distance (>= 4.5).
Warning : Matrix 908 has infinite distance (>= 4.5).
Warning : Matrix 944 has infinite distance (>= 4.5).
Warning : Matrix 945 has infinite distance (>= 4.5).
Warning : Matrix 946 has infinite distance (>= 4.5).
Warning : Matrix 990 has infinite distance (>= 4.5).
Weigths reading.
Wseq weights
Constraint nksumdist
System construction.
System resolution (ldlt method).
Correction factor : 1.01199
Rates writting.
Branch lengths writting.

Total time : 1350 mili seconds.
