Reading command line.
Tree reading.
Matrices reading.
Warning : Matrix 3 has infinite distance (>= 4.5).
Warning : Matrix 4 has infinite distance (>= 4.5).
Warning : Matrix 7 has infinite distance (>= 4.5).
Warning : Matrix 9 has infinite distance (>= 4.5).
Warning : Matrix 12 has infinite distance (>= 4.5).
Warning : Matrix 17 has infinite distance (>= 4.5).
Warning : Matrix 19 has infinite distance (>= 4.5).
Warning : Matrix 20 has infinite distance (>= 4.5).
Warning : Matrix 21 has infinite distance (>= 4.5).
Warning : Matrix 22 has infinite distance (>= 4.5).
Warning : Matrix 24 has infinite distance (>= 4.5).
Warning : Matrix 28 has infinite distance (>= 4.5).
Warning : Matrix 29 has infinite distance (>= 4.5).
Warning : Matrix 31 has infinite distance (>= 4.5).
Warning : Matrix 32 has infinite distance (>= 4.5).
Warning : Matrix 35 has infinite distance (>= 4.5).
Warning : Matrix 36 has infinite distance (>= 4.5).
Warning : Matrix 38 has infinite distance (>= 4.5).
Warning : Matrix 39 has infinite distance (>= 4.5).
Warning : Matrix 40 has infinite distance (>= 4.5).
Warning : Matrix 45 has infinite distance (>= 4.5).
Warning : Matrix 49 has infinite distance (>= 4.5).
Warning : Matrix 51 has infinite distance (>= 4.5).
Warning : Matrix 52 has infinite distance (>= 4.5).
Warning : Matrix 60 has infinite distance (>= 4.5).
Warning : Matrix 62 has infinite distance (>= 4.5).
Warning : Matrix 63 has infinite distance (>= 4.5).
Warning : Matrix 65 has infinite distance (>= 4.5).
Warning : Matrix 67 has infinite distance (>= 4.5).
Warning : Matrix 74 has infinite distance (>= 4.5).
Warning : Matrix 79 has infinite distance (>= 4.5).
Warning : Matrix 84 has infinite distance (>= 4.5).
Warning : Matrix 85 has infinite distance (>= 4.5).
Warning : Matrix 86 has infinite distance (>= 4.5).
Warning : Matrix 90 has infinite distance (>= 4.5).
Warning : Matrix 93 has infinite distance (>= 4.5).
Warning : Matrix 94 has infinite distance (>= 4.5).
Warning : Matrix 96 has infinite distance (>= 4.5).
Warning : Matrix 97 has infinite distance (>= 4.5).
Warning : Matrix 100 has infinite distance (>= 4.5).
Warning : Matrix 105 has infinite distance (>= 4.5).
Warning : Matrix 108 has infinite distance (>= 4.5).
Warning : Matrix 109 has infinite distance (>= 4.5).
Warning : Matrix 136 has infinite distance (>= 4.5).
Warning : Matrix 137 has infinite distance (>= 4.5).
Warning : Matrix 141 has infinite distance (>= 4.5).
Warning : Matrix 142 has infinite distance (>= 4.5).
Warning : Matrix 143 has infinite distance (>= 4.5).
Warning : Matrix 150 has infinite distance (>= 4.5).
Warning : Matrix 153 has infinite distance (>= 4.5).
Warning : Matrix 155 has infinite distance (>= 4.5).
Warning : Matrix 157 has infinite distance (>= 4.5).
Warning : Matrix 160 has infinite distance (>= 4.5).
Warning : Matrix 163 has infinite distance (>= 4.5).
Warning : Matrix 164 has infinite distance (>= 4.5).
Warning : Matrix 165 has infinite distance (>= 4.5).
Warning : Matrix 167 has infinite distance (>= 4.5).
Warning : Matrix 175 has infinite distance (>= 4.5).
Warning : Matrix 179 has infinite distance (>= 4.5).
Warning : Matrix 180 has infinite distance (>= 4.5).
Warning : Matrix 189 has infinite distance (>= 4.5).
Warning : Matrix 190 has infinite distance (>= 4.5).
Warning : Matrix 191 has infinite distance (>= 4.5).
Warning : Matrix 194 has infinite distance (>= 4.5).
Warning : Matrix 195 has infinite distance (>= 4.5).
Warning : Matrix 196 has infinite distance (>= 4.5).
Warning : Matrix 197 has infinite distance (>= 4.5).
Warning : Matrix 203 has infinite distance (>= 4.5).
Warning : Matrix 206 has infinite distance (>= 4.5).
Warning : Matrix 212 has infinite distance (>= 4.5).
Warning : Matrix 213 has infinite distance (>= 4.5).
Warning : Matrix 216 has infinite distance (>= 4.5).
Warning : Matrix 226 has infinite distance (>= 4.5).
Warning : Matrix 227 has infinite distance (>= 4.5).
Warning : Matrix 228 has infinite distance (>= 4.5).
Warning : Matrix 230 has infinite distance (>= 4.5).
Warning : Matrix 231 has infinite distance (>= 4.5).
Warning : Matrix 232 has infinite distance (>= 4.5).
Warning : Matrix 233 has infinite distance (>= 4.5).
Warning : Matrix 238 has infinite distance (>= 4.5).
Warning : Matrix 241 has infinite distance (>= 4.5).
Warning : Matrix 244 has infinite distance (>= 4.5).
Warning : Matrix 247 has infinite distance (>= 4.5).
Warning : Matrix 248 has infinite distance (>= 4.5).
Warning : Matrix 250 has infinite distance (>= 4.5).
Warning : Matrix 254 has infinite distance (>= 4.5).
Warning : Matrix 256 has infinite distance (>= 4.5).
Warning : Matrix 258 has infinite distance (>= 4.5).
Warning : Matrix 264 has infinite distance (>= 4.5).
Warning : Matrix 267 has infinite distance (>= 4.5).
Warning : Matrix 270 has infinite distance (>= 4.5).
Warning : Matrix 272 has infinite distance (>= 4.5).
Warning : Matrix 274 has infinite distance (>= 4.5).
Warning : Matrix 276 has infinite distance (>= 4.5).
Warning : Matrix 277 has infinite distance (>= 4.5).
Warning : Matrix 278 has infinite distance (>= 4.5).
Warning : Matrix 281 has infinite distance (>= 4.5).
Warning : Matrix 284 has infinite distance (>= 4.5).
Warning : Matrix 285 has infinite distance (>= 4.5).
Warning : Matrix 290 has infinite distance (>= 4.5).
Warning : Matrix 296 has infinite distance (>= 4.5).
Warning : Matrix 302 has infinite distance (>= 4.5).
Warning : Matrix 305 has infinite distance (>= 4.5).
Warning : Matrix 308 has infinite distance (>= 4.5).
Warning : Matrix 310 has infinite distance (>= 4.5).
Warning : Matrix 312 has infinite distance (>= 4.5).
Warning : Matrix 316 has infinite distance (>= 4.5).
Warning : Matrix 317 has infinite distance (>= 4.5).
Warning : Matrix 319 has infinite distance (>= 4.5).
Warning : Matrix 320 has infinite distance (>= 4.5).
Warning : Matrix 321 has infinite distance (>= 4.5).
Warning : Matrix 324 has infinite distance (>= 4.5).
Warning : Matrix 326 has infinite distance (>= 4.5).
Warning : Matrix 328 has infinite distance (>= 4.5).
Warning : Matrix 331 has infinite distance (>= 4.5).
Warning : Matrix 334 has infinite distance (>= 4.5).
Warning : Matrix 335 has infinite distance (>= 4.5).
Warning : Matrix 337 has infinite distance (>= 4.5).
Warning : Matrix 338 has infinite distance (>= 4.5).
Warning : Matrix 340 has infinite distance (>= 4.5).
Warning : Matrix 342 has infinite distance (>= 4.5).
Warning : Matrix 344 has infinite distance (>= 4.5).
Warning : Matrix 347 has infinite distance (>= 4.5).
Warning : Matrix 348 has infinite distance (>= 4.5).
Warning : Matrix 353 has infinite distance (>= 4.5).
Warning : Matrix 364 has infinite distance (>= 4.5).
Warning : Matrix 365 has infinite distance (>= 4.5).
Warning : Matrix 368 has infinite distance (>= 4.5).
Warning : Matrix 369 has infinite distance (>= 4.5).
Warning : Matrix 376 has infinite distance (>= 4.5).
Warning : Matrix 377 has infinite distance (>= 4.5).
Warning : Matrix 383 has infinite distance (>= 4.5).
Warning : Matrix 385 has infinite distance (>= 4.5).
Warning : Matrix 389 has infinite distance (>= 4.5).
Warning : Matrix 390 has infinite distance (>= 4.5).
Warning : Matrix 392 has infinite distance (>= 4.5).
Warning : Matrix 396 has infinite distance (>= 4.5).
Warning : Matrix 397 has infinite distance (>= 4.5).
Warning : Matrix 398 has infinite distance (>= 4.5).
Warning : Matrix 402 has infinite distance (>= 4.5).
Warning : Matrix 405 has infinite distance (>= 4.5).
Warning : Matrix 408 has infinite distance (>= 4.5).
Warning : Matrix 411 has infinite distance (>= 4.5).
Warning : Matrix 413 has infinite distance (>= 4.5).
Warning : Matrix 419 has infinite distance (>= 4.5).
Warning : Matrix 422 has infinite distance (>= 4.5).
Warning : Matrix 424 has infinite distance (>= 4.5).
Warning : Matrix 427 has infinite distance (>= 4.5).
Warning : Matrix 429 has infinite distance (>= 4.5).
Warning : Matrix 432 has infinite distance (>= 4.5).
Warning : Matrix 433 has infinite distance (>= 4.5).
Warning : Matrix 434 has infinite distance (>= 4.5).
Warning : Matrix 437 has infinite distance (>= 4.5).
Warning : Matrix 439 has infinite distance (>= 4.5).
Warning : Matrix 440 has infinite distance (>= 4.5).
Warning : Matrix 444 has infinite distance (>= 4.5).
Warning : Matrix 446 has infinite distance (>= 4.5).
Warning : Matrix 452 has infinite distance (>= 4.5).
Warning : Matrix 456 has infinite distance (>= 4.5).
Warning : Matrix 457 has infinite distance (>= 4.5).
Warning : Matrix 459 has infinite distance (>= 4.5).
Warning : Matrix 463 has infinite distance (>= 4.5).
Warning : Matrix 464 has infinite distance (>= 4.5).
Warning : Matrix 466 has infinite distance (>= 4.5).
Warning : Matrix 469 has infinite distance (>= 4.5).
Warning : Matrix 470 has infinite distance (>= 4.5).
Warning : Matrix 471 has infinite distance (>= 4.5).
Warning : Matrix 473 has infinite distance (>= 4.5).
Warning : Matrix 476 has infinite distance (>= 4.5).
Warning : Matrix 480 has infinite distance (>= 4.5).
Warning : Matrix 482 has infinite distance (>= 4.5).
Warning : Matrix 483 has infinite distance (>= 4.5).
Warning : Matrix 486 has infinite distance (>= 4.5).
Warning : Matrix 487 has infinite distance (>= 4.5).
Warning : Matrix 489 has infinite distance (>= 4.5).
Warning : Matrix 490 has infinite distance (>= 4.5).
Warning : Matrix 496 has infinite distance (>= 4.5).
Warning : Matrix 498 has infinite distance (>= 4.5).
Warning : Matrix 499 has infinite distance (>= 4.5).
Warning : Matrix 501 has infinite distance (>= 4.5).
Warning : Matrix 502 has infinite distance (>= 4.5).
Warning : Matrix 507 has infinite distance (>= 4.5).
Warning : Matrix 511 has infinite distance (>= 4.5).
Warning : Matrix 514 has infinite distance (>= 4.5).
Warning : Matrix 515 has infinite distance (>= 4.5).
Warning : Matrix 516 has infinite distance (>= 4.5).
Warning : Matrix 517 has infinite distance (>= 4.5).
Warning : Matrix 518 has infinite distance (>= 4.5).
Warning : Matrix 520 has infinite distance (>= 4.5).
Warning : Matrix 523 has infinite distance (>= 4.5).
Warning : Matrix 526 has infinite distance (>= 4.5).
Warning : Matrix 527 has infinite distance (>= 4.5).
Warning : Matrix 528 has infinite distance (>= 4.5).
Warning : Matrix 529 has infinite distance (>= 4.5).
Warning : Matrix 530 has infinite distance (>= 4.5).
Warning : Matrix 531 has infinite distance (>= 4.5).
Warning : Matrix 532 has infinite distance (>= 4.5).
Warning : Matrix 536 has infinite distance (>= 4.5).
Warning : Matrix 538 has infinite distance (>= 4.5).
Warning : Matrix 541 has infinite distance (>= 4.5).
Warning : Matrix 543 has infinite distance (>= 4.5).
Warning : Matrix 546 has infinite distance (>= 4.5).
Warning : Matrix 554 has infinite distance (>= 4.5).
Warning : Matrix 556 has infinite distance (>= 4.5).
Warning : Matrix 557 has infinite distance (>= 4.5).
Warning : Matrix 558 has infinite distance (>= 4.5).
Warning : Matrix 562 has infinite distance (>= 4.5).
Warning : Matrix 565 has infinite distance (>= 4.5).
Warning : Matrix 569 has infinite distance (>= 4.5).
Warning : Matrix 570 has infinite distance (>= 4.5).
Warning : Matrix 572 has infinite distance (>= 4.5).
Warning : Matrix 573 has infinite distance (>= 4.5).
Warning : Matrix 574 has infinite distance (>= 4.5).
Warning : Matrix 576 has infinite distance (>= 4.5).
Warning : Matrix 578 has infinite distance (>= 4.5).
Warning : Matrix 580 has infinite distance (>= 4.5).
Warning : Matrix 586 has infinite distance (>= 4.5).
Warning : Matrix 587 has infinite distance (>= 4.5).
Warning : Matrix 588 has infinite distance (>= 4.5).
Warning : Matrix 589 has infinite distance (>= 4.5).
Warning : Matrix 592 has infinite distance (>= 4.5).
Warning : Matrix 603 has infinite distance (>= 4.5).
Warning : Matrix 608 has infinite distance (>= 4.5).
Warning : Matrix 615 has infinite distance (>= 4.5).
Warning : Matrix 616 has infinite distance (>= 4.5).
Warning : Matrix 617 has infinite distance (>= 4.5).
Warning : Matrix 619 has infinite distance (>= 4.5).
Warning : Matrix 621 has infinite distance (>= 4.5).
Warning : Matrix 623 has infinite distance (>= 4.5).
Warning : Matrix 626 has infinite distance (>= 4.5).
Warning : Matrix 627 has infinite distance (>= 4.5).
Warning : Matrix 628 has infinite distance (>= 4.5).
Warning : Matrix 630 has infinite distance (>= 4.5).
Warning : Matrix 632 has infinite distance (>= 4.5).
Warning : Matrix 635 has infinite distance (>= 4.5).
Warning : Matrix 637 has infinite distance (>= 4.5).
Warning : Matrix 638 has infinite distance (>= 4.5).
Warning : Matrix 641 has infinite distance (>= 4.5).
Warning : Matrix 643 has infinite distance (>= 4.5).
Warning : Matrix 648 has infinite distance (>= 4.5).
Warning : Matrix 649 has infinite distance (>= 4.5).
Warning : Matrix 654 has infinite distance (>= 4.5).
Warning : Matrix 664 has infinite distance (>= 4.5).
Warning : Matrix 672 has infinite distance (>= 4.5).
Warning : Matrix 674 has infinite distance (>= 4.5).
Warning : Matrix 676 has infinite distance (>= 4.5).
Warning : Matrix 677 has infinite distance (>= 4.5).
Warning : Matrix 678 has infinite distance (>= 4.5).
Warning : Matrix 680 has infinite distance (>= 4.5).
Warning : Matrix 685 has infinite distance (>= 4.5).
Warning : Matrix 688 has infinite distance (>= 4.5).
Warning : Matrix 689 has infinite distance (>= 4.5).
Warning : Matrix 690 has infinite distance (>= 4.5).
Warning : Matrix 691 has infinite distance (>= 4.5).
Warning : Matrix 694 has infinite distance (>= 4.5).
Warning : Matrix 697 has infinite distance (>= 4.5).
Warning : Matrix 699 has infinite distance (>= 4.5).
Warning : Matrix 703 has infinite distance (>= 4.5).
Warning : Matrix 710 has infinite distance (>= 4.5).
Warning : Matrix 711 has infinite distance (>= 4.5).
Warning : Matrix 714 has infinite distance (>= 4.5).
Warning : Matrix 717 has infinite distance (>= 4.5).
Warning : Matrix 718 has infinite distance (>= 4.5).
Warning : Matrix 730 has infinite distance (>= 4.5).
Warning : Matrix 731 has infinite distance (>= 4.5).
Warning : Matrix 735 has infinite distance (>= 4.5).
Warning : Matrix 738 has infinite distance (>= 4.5).
Warning : Matrix 745 has infinite distance (>= 4.5).
Warning : Matrix 747 has infinite distance (>= 4.5).
Warning : Matrix 748 has infinite distance (>= 4.5).
Warning : Matrix 749 has infinite distance (>= 4.5).
Warning : Matrix 752 has infinite distance (>= 4.5).
Warning : Matrix 754 has infinite distance (>= 4.5).
Warning : Matrix 759 has infinite distance (>= 4.5).
Warning : Matrix 761 has infinite distance (>= 4.5).
Warning : Matrix 770 has infinite distance (>= 4.5).
Warning : Matrix 772 has infinite distance (>= 4.5).
Warning : Matrix 778 has infinite distance (>= 4.5).
Warning : Matrix 781 has infinite distance (>= 4.5).
Warning : Matrix 782 has infinite distance (>= 4.5).
Warning : Matrix 785 has infinite distance (>= 4.5).
Warning : Matrix 786 has infinite distance (>= 4.5).
Warning : Matrix 787 has infinite distance (>= 4.5).
Warning : Matrix 788 has infinite distance (>= 4.5).
Warning : Matrix 789 has infinite distance (>= 4.5).
Warning : Matrix 791 has infinite distance (>= 4.5).
Warning : Matrix 800 has infinite distance (>= 4.5).
Warning : Matrix 808 has infinite distance (>= 4.5).
Warning : Matrix 811 has infinite distance (>= 4.5).
Warning : Matrix 812 has infinite distance (>= 4.5).
Warning : Matrix 814 has infinite distance (>= 4.5).
Warning : Matrix 821 has infinite distance (>= 4.5).
Warning : Matrix 827 has infinite distance (>= 4.5).
Warning : Matrix 828 has infinite distance (>= 4.5).
Warning : Matrix 831 has infinite distance (>= 4.5).
Warning : Matrix 832 has infinite distance (>= 4.5).
Warning : Matrix 834 has infinite distance (>= 4.5).
Warning : Matrix 839 has infinite distance (>= 4.5).
Warning : Matrix 840 has infinite distance (>= 4.5).
Warning : Matrix 841 has infinite distance (>= 4.5).
Warning : Matrix 845 has infinite distance (>= 4.5).
Warning : Matrix 847 has infinite distance (>= 4.5).
Warning : Matrix 853 has infinite distance (>= 4.5).
Warning : Matrix 855 has infinite distance (>= 4.5).
Warning : Matrix 859 has infinite distance (>= 4.5).
Warning : Matrix 861 has infinite distance (>= 4.5).
Warning : Matrix 863 has infinite distance (>= 4.5).
Warning : Matrix 864 has infinite distance (>= 4.5).
Warning : Matrix 866 has infinite distance (>= 4.5).
Warning : Matrix 867 has infinite distance (>= 4.5).
Warning : Matrix 869 has infinite distance (>= 4.5).
Warning : Matrix 873 has infinite distance (>= 4.5).
Warning : Matrix 878 has infinite distance (>= 4.5).
Warning : Matrix 879 has infinite distance (>= 4.5).
Warning : Matrix 880 has infinite distance (>= 4.5).
Warning : Matrix 890 has infinite distance (>= 4.5).
Warning : Matrix 891 has infinite distance (>= 4.5).
Warning : Matrix 892 has infinite distance (>= 4.5).
Warning : Matrix 899 has infinite distance (>= 4.5).
Warning : Matrix 901 has infinite distance (>= 4.5).
Warning : Matrix 902 has infinite distance (>= 4.5).
Warning : Matrix 903 has infinite distance (>= 4.5).
Warning : Matrix 906 has infinite distance (>= 4.5).
Warning : Matrix 907 has infinite distance (>= 4.5).
Warning : Matrix 908 has infinite distance (>= 4.5).
Warning : Matrix 910 has infinite distance (>= 4.5).
Warning : Matrix 911 has infinite distance (>= 4.5).
Warning : Matrix 917 has infinite distance (>= 4.5).
Warning : Matrix 920 has infinite distance (>= 4.5).
Warning : Matrix 923 has infinite distance (>= 4.5).
Warning : Matrix 927 has infinite distance (>= 4.5).
Warning : Matrix 928 has infinite distance (>= 4.5).
Warning : Matrix 929 has infinite distance (>= 4.5).
Warning : Matrix 930 has infinite distance (>= 4.5).
Warning : Matrix 932 has infinite distance (>= 4.5).
Warning : Matrix 934 has infinite distance (>= 4.5).
Warning : Matrix 936 has infinite distance (>= 4.5).
Warning : Matrix 939 has infinite distance (>= 4.5).
Warning : Matrix 941 has infinite distance (>= 4.5).
Warning : Matrix 942 has infinite distance (>= 4.5).
Warning : Matrix 943 has infinite distance (>= 4.5).
Warning : Matrix 948 has infinite distance (>= 4.5).
Warning : Matrix 949 has infinite distance (>= 4.5).
Warning : Matrix 950 has infinite distance (>= 4.5).
Warning : Matrix 953 has infinite distance (>= 4.5).
Warning : Matrix 954 has infinite distance (>= 4.5).
Warning : Matrix 955 has infinite distance (>= 4.5).
Warning : Matrix 962 has infinite distance (>= 4.5).
Warning : Matrix 963 has infinite distance (>= 4.5).
Warning : Matrix 964 has infinite distance (>= 4.5).
Warning : Matrix 965 has infinite distance (>= 4.5).
Warning : Matrix 966 has infinite distance (>= 4.5).
Warning : Matrix 967 has infinite distance (>= 4.5).
Warning : Matrix 969 has infinite distance (>= 4.5).
Warning : Matrix 971 has infinite distance (>= 4.5).
Warning : Matrix 974 has infinite distance (>= 4.5).
Warning : Matrix 975 has infinite distance (>= 4.5).
Warning : Matrix 976 has infinite distance (>= 4.5).
Warning : Matrix 978 has infinite distance (>= 4.5).
Warning : Matrix 980 has infinite distance (>= 4.5).
Warning : Matrix 981 has infinite distance (>= 4.5).
Warning : Matrix 988 has infinite distance (>= 4.5).
Warning : Matrix 991 has infinite distance (>= 4.5).
Warning : Matrix 994 has infinite distance (>= 4.5).
Warning : Matrix 995 has infinite distance (>= 4.5).
Warning : Matrix 996 has infinite distance (>= 4.5).
Weigths reading.
Wseq weights
Constraint nksumdist
System construction.
System resolution (ldlt method).
Correction factor : 1.00437
Rates writting.
Branch lengths writting.

Total time : 820 mili seconds.
