Reading command line.
Tree reading.
Matrices reading.
Warning : Matrix 33 has infinite distance (>= 4.5).
Warning : Matrix 47 has infinite distance (>= 4.5).
Warning : Matrix 54 has infinite distance (>= 4.5).
Warning : Matrix 59 has infinite distance (>= 4.5).
Warning : Matrix 66 has infinite distance (>= 4.5).
Warning : Matrix 72 has infinite distance (>= 4.5).
Warning : Matrix 87 has infinite distance (>= 4.5).
Warning : Matrix 99 has infinite distance (>= 4.5).
Warning : Matrix 106 has infinite distance (>= 4.5).
Warning : Matrix 114 has infinite distance (>= 4.5).
Warning : Matrix 115 has infinite distance (>= 4.5).
Warning : Matrix 134 has infinite distance (>= 4.5).
Warning : Matrix 150 has infinite distance (>= 4.5).
Warning : Matrix 194 has infinite distance (>= 4.5).
Warning : Matrix 201 has infinite distance (>= 4.5).
Warning : Matrix 204 has infinite distance (>= 4.5).
Warning : Matrix 215 has infinite distance (>= 4.5).
Warning : Matrix 223 has infinite distance (>= 4.5).
Warning : Matrix 237 has infinite distance (>= 4.5).
Warning : Matrix 248 has infinite distance (>= 4.5).
Warning : Matrix 264 has infinite distance (>= 4.5).
Warning : Matrix 272 has infinite distance (>= 4.5).
Warning : Matrix 288 has infinite distance (>= 4.5).
Warning : Matrix 302 has infinite distance (>= 4.5).
Warning : Matrix 306 has infinite distance (>= 4.5).
Warning : Matrix 319 has infinite distance (>= 4.5).
Warning : Matrix 321 has infinite distance (>= 4.5).
Warning : Matrix 323 has infinite distance (>= 4.5).
Warning : Matrix 350 has infinite distance (>= 4.5).
Warning : Matrix 352 has infinite distance (>= 4.5).
Warning : Matrix 361 has infinite distance (>= 4.5).
Warning : Matrix 405 has infinite distance (>= 4.5).
Warning : Matrix 422 has infinite distance (>= 4.5).
Warning : Matrix 432 has infinite distance (>= 4.5).
Warning : Matrix 460 has infinite distance (>= 4.5).
Warning : Matrix 491 has infinite distance (>= 4.5).
Warning : Matrix 494 has infinite distance (>= 4.5).
Warning : Matrix 516 has infinite distance (>= 4.5).
Warning : Matrix 529 has infinite distance (>= 4.5).
Warning : Matrix 531 has infinite distance (>= 4.5).
Warning : Matrix 555 has infinite distance (>= 4.5).
Warning : Matrix 583 has infinite distance (>= 4.5).
Warning : Matrix 620 has infinite distance (>= 4.5).
Warning : Matrix 651 has infinite distance (>= 4.5).
Warning : Matrix 655 has infinite distance (>= 4.5).
Warning : Matrix 681 has infinite distance (>= 4.5).
Warning : Matrix 693 has infinite distance (>= 4.5).
Warning : Matrix 697 has infinite distance (>= 4.5).
Warning : Matrix 704 has infinite distance (>= 4.5).
Warning : Matrix 709 has infinite distance (>= 4.5).
Warning : Matrix 722 has infinite distance (>= 4.5).
Warning : Matrix 732 has infinite distance (>= 4.5).
Warning : Matrix 734 has infinite distance (>= 4.5).
Warning : Matrix 740 has infinite distance (>= 4.5).
Warning : Matrix 745 has infinite distance (>= 4.5).
Warning : Matrix 765 has infinite distance (>= 4.5).
Warning : Matrix 823 has infinite distance (>= 4.5).
Warning : Matrix 834 has infinite distance (>= 4.5).
Warning : Matrix 849 has infinite distance (>= 4.5).
Warning : Matrix 857 has infinite distance (>= 4.5).
Warning : Matrix 887 has infinite distance (>= 4.5).
Warning : Matrix 910 has infinite distance (>= 4.5).
Warning : Matrix 915 has infinite distance (>= 4.5).
Warning : Matrix 924 has infinite distance (>= 4.5).
Warning : Matrix 936 has infinite distance (>= 4.5).
Warning : Matrix 937 has infinite distance (>= 4.5).
Warning : Matrix 947 has infinite distance (>= 4.5).
Warning : Matrix 957 has infinite distance (>= 4.5).
Warning : Matrix 973 has infinite distance (>= 4.5).
Weigths reading.
Wseq weights
Constraint nksumdist
System construction.
System resolution (ldlt method).
Correction factor : 1.00942
Rates writting.
Branch lengths writting.

Total time : 1080 mili seconds.
