Reading command line.
Tree reading.
Matrices reading.
Warning : Matrix 6 has infinite distance (>= 4.5).
Warning : Matrix 7 has infinite distance (>= 4.5).
Warning : Matrix 10 has infinite distance (>= 4.5).
Warning : Matrix 14 has infinite distance (>= 4.5).
Warning : Matrix 16 has infinite distance (>= 4.5).
Warning : Matrix 17 has infinite distance (>= 4.5).
Warning : Matrix 18 has infinite distance (>= 4.5).
Warning : Matrix 19 has infinite distance (>= 4.5).
Warning : Matrix 25 has infinite distance (>= 4.5).
Warning : Matrix 26 has infinite distance (>= 4.5).
Warning : Matrix 28 has infinite distance (>= 4.5).
Warning : Matrix 29 has infinite distance (>= 4.5).
Warning : Matrix 33 has infinite distance (>= 4.5).
Warning : Matrix 37 has infinite distance (>= 4.5).
Warning : Matrix 39 has infinite distance (>= 4.5).
Warning : Matrix 40 has infinite distance (>= 4.5).
Warning : Matrix 42 has infinite distance (>= 4.5).
Warning : Matrix 44 has infinite distance (>= 4.5).
Warning : Matrix 45 has infinite distance (>= 4.5).
Warning : Matrix 46 has infinite distance (>= 4.5).
Warning : Matrix 47 has infinite distance (>= 4.5).
Warning : Matrix 49 has infinite distance (>= 4.5).
Warning : Matrix 52 has infinite distance (>= 4.5).
Warning : Matrix 53 has infinite distance (>= 4.5).
Warning : Matrix 56 has infinite distance (>= 4.5).
Warning : Matrix 57 has infinite distance (>= 4.5).
Warning : Matrix 59 has infinite distance (>= 4.5).
Warning : Matrix 66 has infinite distance (>= 4.5).
Warning : Matrix 67 has infinite distance (>= 4.5).
Warning : Matrix 68 has infinite distance (>= 4.5).
Warning : Matrix 71 has infinite distance (>= 4.5).
Warning : Matrix 72 has infinite distance (>= 4.5).
Warning : Matrix 73 has infinite distance (>= 4.5).
Warning : Matrix 74 has infinite distance (>= 4.5).
Warning : Matrix 76 has infinite distance (>= 4.5).
Warning : Matrix 77 has infinite distance (>= 4.5).
Warning : Matrix 79 has infinite distance (>= 4.5).
Warning : Matrix 83 has infinite distance (>= 4.5).
Warning : Matrix 86 has infinite distance (>= 4.5).
Warning : Matrix 89 has infinite distance (>= 4.5).
Warning : Matrix 93 has infinite distance (>= 4.5).
Warning : Matrix 95 has infinite distance (>= 4.5).
Warning : Matrix 100 has infinite distance (>= 4.5).
Warning : Matrix 105 has infinite distance (>= 4.5).
Warning : Matrix 108 has infinite distance (>= 4.5).
Warning : Matrix 109 has infinite distance (>= 4.5).
Warning : Matrix 114 has infinite distance (>= 4.5).
Warning : Matrix 118 has infinite distance (>= 4.5).
Warning : Matrix 120 has infinite distance (>= 4.5).
Warning : Matrix 130 has infinite distance (>= 4.5).
Warning : Matrix 131 has infinite distance (>= 4.5).
Warning : Matrix 132 has infinite distance (>= 4.5).
Warning : Matrix 133 has infinite distance (>= 4.5).
Warning : Matrix 135 has infinite distance (>= 4.5).
Warning : Matrix 137 has infinite distance (>= 4.5).
Warning : Matrix 139 has infinite distance (>= 4.5).
Warning : Matrix 142 has infinite distance (>= 4.5).
Warning : Matrix 144 has infinite distance (>= 4.5).
Warning : Matrix 152 has infinite distance (>= 4.5).
Warning : Matrix 154 has infinite distance (>= 4.5).
Warning : Matrix 156 has infinite distance (>= 4.5).
Warning : Matrix 157 has infinite distance (>= 4.5).
Warning : Matrix 158 has infinite distance (>= 4.5).
Warning : Matrix 159 has infinite distance (>= 4.5).
Warning : Matrix 160 has infinite distance (>= 4.5).
Warning : Matrix 161 has infinite distance (>= 4.5).
Warning : Matrix 162 has infinite distance (>= 4.5).
Warning : Matrix 164 has infinite distance (>= 4.5).
Warning : Matrix 165 has infinite distance (>= 4.5).
Warning : Matrix 170 has infinite distance (>= 4.5).
Warning : Matrix 171 has infinite distance (>= 4.5).
Warning : Matrix 174 has infinite distance (>= 4.5).
Warning : Matrix 177 has infinite distance (>= 4.5).
Warning : Matrix 180 has infinite distance (>= 4.5).
Warning : Matrix 182 has infinite distance (>= 4.5).
Warning : Matrix 183 has infinite distance (>= 4.5).
Warning : Matrix 186 has infinite distance (>= 4.5).
Warning : Matrix 188 has infinite distance (>= 4.5).
Warning : Matrix 191 has infinite distance (>= 4.5).
Warning : Matrix 192 has infinite distance (>= 4.5).
Warning : Matrix 194 has infinite distance (>= 4.5).
Warning : Matrix 195 has infinite distance (>= 4.5).
Warning : Matrix 196 has infinite distance (>= 4.5).
Warning : Matrix 197 has infinite distance (>= 4.5).
Warning : Matrix 199 has infinite distance (>= 4.5).
Warning : Matrix 201 has infinite distance (>= 4.5).
Warning : Matrix 202 has infinite distance (>= 4.5).
Warning : Matrix 205 has infinite distance (>= 4.5).
Warning : Matrix 212 has infinite distance (>= 4.5).
Warning : Matrix 215 has infinite distance (>= 4.5).
Warning : Matrix 216 has infinite distance (>= 4.5).
Warning : Matrix 217 has infinite distance (>= 4.5).
Warning : Matrix 218 has infinite distance (>= 4.5).
Warning : Matrix 219 has infinite distance (>= 4.5).
Warning : Matrix 221 has infinite distance (>= 4.5).
Warning : Matrix 225 has infinite distance (>= 4.5).
Warning : Matrix 227 has infinite distance (>= 4.5).
Warning : Matrix 228 has infinite distance (>= 4.5).
Warning : Matrix 232 has infinite distance (>= 4.5).
Warning : Matrix 234 has infinite distance (>= 4.5).
Warning : Matrix 240 has infinite distance (>= 4.5).
Warning : Matrix 241 has infinite distance (>= 4.5).
Warning : Matrix 244 has infinite distance (>= 4.5).
Warning : Matrix 245 has infinite distance (>= 4.5).
Warning : Matrix 246 has infinite distance (>= 4.5).
Warning : Matrix 247 has infinite distance (>= 4.5).
Warning : Matrix 248 has infinite distance (>= 4.5).
Warning : Matrix 249 has infinite distance (>= 4.5).
Warning : Matrix 251 has infinite distance (>= 4.5).
Warning : Matrix 256 has infinite distance (>= 4.5).
Warning : Matrix 257 has infinite distance (>= 4.5).
Warning : Matrix 259 has infinite distance (>= 4.5).
Warning : Matrix 260 has infinite distance (>= 4.5).
Warning : Matrix 262 has infinite distance (>= 4.5).
Warning : Matrix 264 has infinite distance (>= 4.5).
Warning : Matrix 267 has infinite distance (>= 4.5).
Warning : Matrix 268 has infinite distance (>= 4.5).
Warning : Matrix 269 has infinite distance (>= 4.5).
Warning : Matrix 270 has infinite distance (>= 4.5).
Warning : Matrix 273 has infinite distance (>= 4.5).
Warning : Matrix 277 has infinite distance (>= 4.5).
Warning : Matrix 279 has infinite distance (>= 4.5).
Warning : Matrix 284 has infinite distance (>= 4.5).
Warning : Matrix 285 has infinite distance (>= 4.5).
Warning : Matrix 288 has infinite distance (>= 4.5).
Warning : Matrix 289 has infinite distance (>= 4.5).
Warning : Matrix 290 has infinite distance (>= 4.5).
Warning : Matrix 296 has infinite distance (>= 4.5).
Warning : Matrix 301 has infinite distance (>= 4.5).
Warning : Matrix 302 has infinite distance (>= 4.5).
Warning : Matrix 304 has infinite distance (>= 4.5).
Warning : Matrix 308 has infinite distance (>= 4.5).
Warning : Matrix 310 has infinite distance (>= 4.5).
Warning : Matrix 317 has infinite distance (>= 4.5).
Warning : Matrix 319 has infinite distance (>= 4.5).
Warning : Matrix 321 has infinite distance (>= 4.5).
Warning : Matrix 323 has infinite distance (>= 4.5).
Warning : Matrix 325 has infinite distance (>= 4.5).
Warning : Matrix 329 has infinite distance (>= 4.5).
Warning : Matrix 330 has infinite distance (>= 4.5).
Warning : Matrix 332 has infinite distance (>= 4.5).
Warning : Matrix 333 has infinite distance (>= 4.5).
Warning : Matrix 334 has infinite distance (>= 4.5).
Warning : Matrix 336 has infinite distance (>= 4.5).
Warning : Matrix 338 has infinite distance (>= 4.5).
Warning : Matrix 339 has infinite distance (>= 4.5).
Warning : Matrix 340 has infinite distance (>= 4.5).
Warning : Matrix 346 has infinite distance (>= 4.5).
Warning : Matrix 355 has infinite distance (>= 4.5).
Warning : Matrix 356 has infinite distance (>= 4.5).
Warning : Matrix 359 has infinite distance (>= 4.5).
Warning : Matrix 360 has infinite distance (>= 4.5).
Warning : Matrix 361 has infinite distance (>= 4.5).
Warning : Matrix 363 has infinite distance (>= 4.5).
Warning : Matrix 364 has infinite distance (>= 4.5).
Warning : Matrix 368 has infinite distance (>= 4.5).
Warning : Matrix 370 has infinite distance (>= 4.5).
Warning : Matrix 371 has infinite distance (>= 4.5).
Warning : Matrix 379 has infinite distance (>= 4.5).
Warning : Matrix 383 has infinite distance (>= 4.5).
Warning : Matrix 384 has infinite distance (>= 4.5).
Warning : Matrix 385 has infinite distance (>= 4.5).
Warning : Matrix 387 has infinite distance (>= 4.5).
Warning : Matrix 389 has infinite distance (>= 4.5).
Warning : Matrix 392 has infinite distance (>= 4.5).
Warning : Matrix 394 has infinite distance (>= 4.5).
Warning : Matrix 395 has infinite distance (>= 4.5).
Warning : Matrix 396 has infinite distance (>= 4.5).
Warning : Matrix 397 has infinite distance (>= 4.5).
Warning : Matrix 401 has infinite distance (>= 4.5).
Warning : Matrix 402 has infinite distance (>= 4.5).
Warning : Matrix 405 has infinite distance (>= 4.5).
Warning : Matrix 406 has infinite distance (>= 4.5).
Warning : Matrix 408 has infinite distance (>= 4.5).
Warning : Matrix 409 has infinite distance (>= 4.5).
Warning : Matrix 412 has infinite distance (>= 4.5).
Warning : Matrix 414 has infinite distance (>= 4.5).
Warning : Matrix 417 has infinite distance (>= 4.5).
Warning : Matrix 418 has infinite distance (>= 4.5).
Warning : Matrix 421 has infinite distance (>= 4.5).
Warning : Matrix 425 has infinite distance (>= 4.5).
Warning : Matrix 429 has infinite distance (>= 4.5).
Warning : Matrix 430 has infinite distance (>= 4.5).
Warning : Matrix 434 has infinite distance (>= 4.5).
Warning : Matrix 437 has infinite distance (>= 4.5).
Warning : Matrix 440 has infinite distance (>= 4.5).
Warning : Matrix 441 has infinite distance (>= 4.5).
Warning : Matrix 445 has infinite distance (>= 4.5).
Warning : Matrix 446 has infinite distance (>= 4.5).
Warning : Matrix 447 has infinite distance (>= 4.5).
Warning : Matrix 449 has infinite distance (>= 4.5).
Warning : Matrix 453 has infinite distance (>= 4.5).
Warning : Matrix 454 has infinite distance (>= 4.5).
Warning : Matrix 456 has infinite distance (>= 4.5).
Warning : Matrix 458 has infinite distance (>= 4.5).
Warning : Matrix 460 has infinite distance (>= 4.5).
Warning : Matrix 464 has infinite distance (>= 4.5).
Warning : Matrix 465 has infinite distance (>= 4.5).
Warning : Matrix 466 has infinite distance (>= 4.5).
Warning : Matrix 469 has infinite distance (>= 4.5).
Warning : Matrix 477 has infinite distance (>= 4.5).
Warning : Matrix 478 has infinite distance (>= 4.5).
Warning : Matrix 479 has infinite distance (>= 4.5).
Warning : Matrix 482 has infinite distance (>= 4.5).
Warning : Matrix 484 has infinite distance (>= 4.5).
Warning : Matrix 485 has infinite distance (>= 4.5).
Warning : Matrix 489 has infinite distance (>= 4.5).
Warning : Matrix 496 has infinite distance (>= 4.5).
Warning : Matrix 497 has infinite distance (>= 4.5).
Warning : Matrix 498 has infinite distance (>= 4.5).
Warning : Matrix 502 has infinite distance (>= 4.5).
Warning : Matrix 508 has infinite distance (>= 4.5).
Warning : Matrix 509 has infinite distance (>= 4.5).
Warning : Matrix 511 has infinite distance (>= 4.5).
Warning : Matrix 515 has infinite distance (>= 4.5).
Warning : Matrix 516 has infinite distance (>= 4.5).
Warning : Matrix 517 has infinite distance (>= 4.5).
Warning : Matrix 518 has infinite distance (>= 4.5).
Warning : Matrix 522 has infinite distance (>= 4.5).
Warning : Matrix 527 has infinite distance (>= 4.5).
Warning : Matrix 529 has infinite distance (>= 4.5).
Warning : Matrix 531 has infinite distance (>= 4.5).
Warning : Matrix 534 has infinite distance (>= 4.5).
Warning : Matrix 536 has infinite distance (>= 4.5).
Warning : Matrix 538 has infinite distance (>= 4.5).
Warning : Matrix 544 has infinite distance (>= 4.5).
Warning : Matrix 545 has infinite distance (>= 4.5).
Warning : Matrix 547 has infinite distance (>= 4.5).
Warning : Matrix 551 has infinite distance (>= 4.5).
Warning : Matrix 553 has infinite distance (>= 4.5).
Warning : Matrix 555 has infinite distance (>= 4.5).
Warning : Matrix 556 has infinite distance (>= 4.5).
Warning : Matrix 560 has infinite distance (>= 4.5).
Warning : Matrix 564 has infinite distance (>= 4.5).
Warning : Matrix 565 has infinite distance (>= 4.5).
Warning : Matrix 568 has infinite distance (>= 4.5).
Warning : Matrix 569 has infinite distance (>= 4.5).
Warning : Matrix 572 has infinite distance (>= 4.5).
Warning : Matrix 574 has infinite distance (>= 4.5).
Warning : Matrix 575 has infinite distance (>= 4.5).
Warning : Matrix 576 has infinite distance (>= 4.5).
Warning : Matrix 578 has infinite distance (>= 4.5).
Warning : Matrix 580 has infinite distance (>= 4.5).
Warning : Matrix 582 has infinite distance (>= 4.5).
Warning : Matrix 589 has infinite distance (>= 4.5).
Warning : Matrix 590 has infinite distance (>= 4.5).
Warning : Matrix 591 has infinite distance (>= 4.5).
Warning : Matrix 592 has infinite distance (>= 4.5).
Warning : Matrix 593 has infinite distance (>= 4.5).
Warning : Matrix 597 has infinite distance (>= 4.5).
Warning : Matrix 604 has infinite distance (>= 4.5).
Warning : Matrix 609 has infinite distance (>= 4.5).
Warning : Matrix 612 has infinite distance (>= 4.5).
Warning : Matrix 613 has infinite distance (>= 4.5).
Warning : Matrix 614 has infinite distance (>= 4.5).
Warning : Matrix 621 has infinite distance (>= 4.5).
Warning : Matrix 624 has infinite distance (>= 4.5).
Warning : Matrix 625 has infinite distance (>= 4.5).
Warning : Matrix 628 has infinite distance (>= 4.5).
Warning : Matrix 632 has infinite distance (>= 4.5).
Warning : Matrix 635 has infinite distance (>= 4.5).
Warning : Matrix 636 has infinite distance (>= 4.5).
Warning : Matrix 637 has infinite distance (>= 4.5).
Warning : Matrix 638 has infinite distance (>= 4.5).
Warning : Matrix 639 has infinite distance (>= 4.5).
Warning : Matrix 641 has infinite distance (>= 4.5).
Warning : Matrix 643 has infinite distance (>= 4.5).
Warning : Matrix 644 has infinite distance (>= 4.5).
Warning : Matrix 646 has infinite distance (>= 4.5).
Warning : Matrix 651 has infinite distance (>= 4.5).
Warning : Matrix 652 has infinite distance (>= 4.5).
Warning : Matrix 654 has infinite distance (>= 4.5).
Warning : Matrix 656 has infinite distance (>= 4.5).
Warning : Matrix 657 has infinite distance (>= 4.5).
Warning : Matrix 659 has infinite distance (>= 4.5).
Warning : Matrix 660 has infinite distance (>= 4.5).
Warning : Matrix 661 has infinite distance (>= 4.5).
Warning : Matrix 662 has infinite distance (>= 4.5).
Warning : Matrix 669 has infinite distance (>= 4.5).
Warning : Matrix 673 has infinite distance (>= 4.5).
Warning : Matrix 675 has infinite distance (>= 4.5).
Warning : Matrix 678 has infinite distance (>= 4.5).
Warning : Matrix 680 has infinite distance (>= 4.5).
Warning : Matrix 682 has infinite distance (>= 4.5).
Warning : Matrix 685 has infinite distance (>= 4.5).
Warning : Matrix 686 has infinite distance (>= 4.5).
Warning : Matrix 689 has infinite distance (>= 4.5).
Warning : Matrix 691 has infinite distance (>= 4.5).
Warning : Matrix 693 has infinite distance (>= 4.5).
Warning : Matrix 694 has infinite distance (>= 4.5).
Warning : Matrix 695 has infinite distance (>= 4.5).
Warning : Matrix 703 has infinite distance (>= 4.5).
Warning : Matrix 705 has infinite distance (>= 4.5).
Warning : Matrix 710 has infinite distance (>= 4.5).
Warning : Matrix 714 has infinite distance (>= 4.5).
Warning : Matrix 715 has infinite distance (>= 4.5).
Warning : Matrix 717 has infinite distance (>= 4.5).
Warning : Matrix 721 has infinite distance (>= 4.5).
Warning : Matrix 722 has infinite distance (>= 4.5).
Warning : Matrix 723 has infinite distance (>= 4.5).
Warning : Matrix 728 has infinite distance (>= 4.5).
Warning : Matrix 730 has infinite distance (>= 4.5).
Warning : Matrix 733 has infinite distance (>= 4.5).
Warning : Matrix 734 has infinite distance (>= 4.5).
Warning : Matrix 736 has infinite distance (>= 4.5).
Warning : Matrix 739 has infinite distance (>= 4.5).
Warning : Matrix 743 has infinite distance (>= 4.5).
Warning : Matrix 745 has infinite distance (>= 4.5).
Warning : Matrix 746 has infinite distance (>= 4.5).
Warning : Matrix 749 has infinite distance (>= 4.5).
Warning : Matrix 750 has infinite distance (>= 4.5).
Warning : Matrix 751 has infinite distance (>= 4.5).
Warning : Matrix 752 has infinite distance (>= 4.5).
Warning : Matrix 753 has infinite distance (>= 4.5).
Warning : Matrix 755 has infinite distance (>= 4.5).
Warning : Matrix 757 has infinite distance (>= 4.5).
Warning : Matrix 762 has infinite distance (>= 4.5).
Warning : Matrix 763 has infinite distance (>= 4.5).
Warning : Matrix 766 has infinite distance (>= 4.5).
Warning : Matrix 772 has infinite distance (>= 4.5).
Warning : Matrix 774 has infinite distance (>= 4.5).
Warning : Matrix 775 has infinite distance (>= 4.5).
Warning : Matrix 777 has infinite distance (>= 4.5).
Warning : Matrix 778 has infinite distance (>= 4.5).
Warning : Matrix 779 has infinite distance (>= 4.5).
Warning : Matrix 780 has infinite distance (>= 4.5).
Warning : Matrix 782 has infinite distance (>= 4.5).
Warning : Matrix 786 has infinite distance (>= 4.5).
Warning : Matrix 787 has infinite distance (>= 4.5).
Warning : Matrix 789 has infinite distance (>= 4.5).
Warning : Matrix 792 has infinite distance (>= 4.5).
Warning : Matrix 794 has infinite distance (>= 4.5).
Warning : Matrix 796 has infinite distance (>= 4.5).
Warning : Matrix 799 has infinite distance (>= 4.5).
Warning : Matrix 801 has infinite distance (>= 4.5).
Warning : Matrix 803 has infinite distance (>= 4.5).
Warning : Matrix 805 has infinite distance (>= 4.5).
Warning : Matrix 806 has infinite distance (>= 4.5).
Warning : Matrix 808 has infinite distance (>= 4.5).
Warning : Matrix 810 has infinite distance (>= 4.5).
Warning : Matrix 813 has infinite distance (>= 4.5).
Warning : Matrix 814 has infinite distance (>= 4.5).
Warning : Matrix 815 has infinite distance (>= 4.5).
Warning : Matrix 816 has infinite distance (>= 4.5).
Warning : Matrix 819 has infinite distance (>= 4.5).
Warning : Matrix 821 has infinite distance (>= 4.5).
Warning : Matrix 822 has infinite distance (>= 4.5).
Warning : Matrix 824 has infinite distance (>= 4.5).
Warning : Matrix 826 has infinite distance (>= 4.5).
Warning : Matrix 827 has infinite distance (>= 4.5).
Warning : Matrix 829 has infinite distance (>= 4.5).
Warning : Matrix 830 has infinite distance (>= 4.5).
Warning : Matrix 831 has infinite distance (>= 4.5).
Warning : Matrix 834 has infinite distance (>= 4.5).
Warning : Matrix 835 has infinite distance (>= 4.5).
Warning : Matrix 837 has infinite distance (>= 4.5).
Warning : Matrix 840 has infinite distance (>= 4.5).
Warning : Matrix 842 has infinite distance (>= 4.5).
Warning : Matrix 843 has infinite distance (>= 4.5).
Warning : Matrix 848 has infinite distance (>= 4.5).
Warning : Matrix 849 has infinite distance (>= 4.5).
Warning : Matrix 850 has infinite distance (>= 4.5).
Warning : Matrix 855 has infinite distance (>= 4.5).
Warning : Matrix 856 has infinite distance (>= 4.5).
Warning : Matrix 857 has infinite distance (>= 4.5).
Warning : Matrix 859 has infinite distance (>= 4.5).
Warning : Matrix 861 has infinite distance (>= 4.5).
Warning : Matrix 865 has infinite distance (>= 4.5).
Warning : Matrix 868 has infinite distance (>= 4.5).
Warning : Matrix 869 has infinite distance (>= 4.5).
Warning : Matrix 870 has infinite distance (>= 4.5).
Warning : Matrix 872 has infinite distance (>= 4.5).
Warning : Matrix 876 has infinite distance (>= 4.5).
Warning : Matrix 877 has infinite distance (>= 4.5).
Warning : Matrix 879 has infinite distance (>= 4.5).
Warning : Matrix 881 has infinite distance (>= 4.5).
Warning : Matrix 882 has infinite distance (>= 4.5).
Warning : Matrix 884 has infinite distance (>= 4.5).
Warning : Matrix 886 has infinite distance (>= 4.5).
Warning : Matrix 887 has infinite distance (>= 4.5).
Warning : Matrix 888 has infinite distance (>= 4.5).
Warning : Matrix 892 has infinite distance (>= 4.5).
Warning : Matrix 895 has infinite distance (>= 4.5).
Warning : Matrix 896 has infinite distance (>= 4.5).
Warning : Matrix 897 has infinite distance (>= 4.5).
Warning : Matrix 900 has infinite distance (>= 4.5).
Warning : Matrix 901 has infinite distance (>= 4.5).
Warning : Matrix 902 has infinite distance (>= 4.5).
Warning : Matrix 903 has infinite distance (>= 4.5).
Warning : Matrix 904 has infinite distance (>= 4.5).
Warning : Matrix 906 has infinite distance (>= 4.5).
Warning : Matrix 907 has infinite distance (>= 4.5).
Warning : Matrix 910 has infinite distance (>= 4.5).
Warning : Matrix 911 has infinite distance (>= 4.5).
Warning : Matrix 915 has infinite distance (>= 4.5).
Warning : Matrix 916 has infinite distance (>= 4.5).
Warning : Matrix 922 has infinite distance (>= 4.5).
Warning : Matrix 923 has infinite distance (>= 4.5).
Warning : Matrix 931 has infinite distance (>= 4.5).
Warning : Matrix 932 has infinite distance (>= 4.5).
Warning : Matrix 936 has infinite distance (>= 4.5).
Warning : Matrix 937 has infinite distance (>= 4.5).
Warning : Matrix 938 has infinite distance (>= 4.5).
Warning : Matrix 942 has infinite distance (>= 4.5).
Warning : Matrix 944 has infinite distance (>= 4.5).
Warning : Matrix 945 has infinite distance (>= 4.5).
Warning : Matrix 948 has infinite distance (>= 4.5).
Warning : Matrix 953 has infinite distance (>= 4.5).
Warning : Matrix 955 has infinite distance (>= 4.5).
Warning : Matrix 957 has infinite distance (>= 4.5).
Warning : Matrix 958 has infinite distance (>= 4.5).
Warning : Matrix 959 has infinite distance (>= 4.5).
Warning : Matrix 960 has infinite distance (>= 4.5).
Warning : Matrix 963 has infinite distance (>= 4.5).
Warning : Matrix 964 has infinite distance (>= 4.5).
Warning : Matrix 966 has infinite distance (>= 4.5).
Warning : Matrix 967 has infinite distance (>= 4.5).
Warning : Matrix 971 has infinite distance (>= 4.5).
Warning : Matrix 972 has infinite distance (>= 4.5).
Warning : Matrix 974 has infinite distance (>= 4.5).
Warning : Matrix 975 has infinite distance (>= 4.5).
Warning : Matrix 983 has infinite distance (>= 4.5).
Warning : Matrix 984 has infinite distance (>= 4.5).
Warning : Matrix 985 has infinite distance (>= 4.5).
Warning : Matrix 994 has infinite distance (>= 4.5).
Warning : Matrix 995 has infinite distance (>= 4.5).
Warning : Matrix 997 has infinite distance (>= 4.5).
Warning : Matrix 998 has infinite distance (>= 4.5).
Weigths reading.
Wseq weights
Constraint nksumdist
System construction.
System resolution (ldlt method).
Correction factor : 1.05499
Rates writting.
Branch lengths writting.

Total time : 1390 mili seconds.
