Reading command line.
Tree reading.
Matrices reading.
Warning : Matrix 6 has infinite distance (>= 4.5).
Warning : Matrix 12 has infinite distance (>= 4.5).
Warning : Matrix 20 has infinite distance (>= 4.5).
Warning : Matrix 30 has infinite distance (>= 4.5).
Warning : Matrix 57 has infinite distance (>= 4.5).
Warning : Matrix 69 has infinite distance (>= 4.5).
Warning : Matrix 77 has infinite distance (>= 4.5).
Warning : Matrix 83 has infinite distance (>= 4.5).
Warning : Matrix 89 has infinite distance (>= 4.5).
Warning : Matrix 91 has infinite distance (>= 4.5).
Warning : Matrix 97 has infinite distance (>= 4.5).
Warning : Matrix 103 has infinite distance (>= 4.5).
Warning : Matrix 105 has infinite distance (>= 4.5).
Warning : Matrix 121 has infinite distance (>= 4.5).
Warning : Matrix 128 has infinite distance (>= 4.5).
Warning : Matrix 144 has infinite distance (>= 4.5).
Warning : Matrix 170 has infinite distance (>= 4.5).
Warning : Matrix 211 has infinite distance (>= 4.5).
Warning : Matrix 233 has infinite distance (>= 4.5).
Warning : Matrix 236 has infinite distance (>= 4.5).
Warning : Matrix 242 has infinite distance (>= 4.5).
Warning : Matrix 243 has infinite distance (>= 4.5).
Warning : Matrix 250 has infinite distance (>= 4.5).
Warning : Matrix 252 has infinite distance (>= 4.5).
Warning : Matrix 254 has infinite distance (>= 4.5).
Warning : Matrix 262 has infinite distance (>= 4.5).
Warning : Matrix 269 has infinite distance (>= 4.5).
Warning : Matrix 274 has infinite distance (>= 4.5).
Warning : Matrix 301 has infinite distance (>= 4.5).
Warning : Matrix 310 has infinite distance (>= 4.5).
Warning : Matrix 332 has infinite distance (>= 4.5).
Warning : Matrix 334 has infinite distance (>= 4.5).
Warning : Matrix 344 has infinite distance (>= 4.5).
Warning : Matrix 347 has infinite distance (>= 4.5).
Warning : Matrix 348 has infinite distance (>= 4.5).
Warning : Matrix 356 has infinite distance (>= 4.5).
Warning : Matrix 369 has infinite distance (>= 4.5).
Warning : Matrix 383 has infinite distance (>= 4.5).
Warning : Matrix 395 has infinite distance (>= 4.5).
Warning : Matrix 418 has infinite distance (>= 4.5).
Warning : Matrix 424 has infinite distance (>= 4.5).
Warning : Matrix 429 has infinite distance (>= 4.5).
Warning : Matrix 436 has infinite distance (>= 4.5).
Warning : Matrix 441 has infinite distance (>= 4.5).
Warning : Matrix 446 has infinite distance (>= 4.5).
Warning : Matrix 450 has infinite distance (>= 4.5).
Warning : Matrix 456 has infinite distance (>= 4.5).
Warning : Matrix 459 has infinite distance (>= 4.5).
Warning : Matrix 460 has infinite distance (>= 4.5).
Warning : Matrix 463 has infinite distance (>= 4.5).
Warning : Matrix 465 has infinite distance (>= 4.5).
Warning : Matrix 470 has infinite distance (>= 4.5).
Warning : Matrix 471 has infinite distance (>= 4.5).
Warning : Matrix 480 has infinite distance (>= 4.5).
Warning : Matrix 483 has infinite distance (>= 4.5).
Warning : Matrix 495 has infinite distance (>= 4.5).
Warning : Matrix 499 has infinite distance (>= 4.5).
Warning : Matrix 500 has infinite distance (>= 4.5).
Warning : Matrix 504 has infinite distance (>= 4.5).
Warning : Matrix 508 has infinite distance (>= 4.5).
Warning : Matrix 524 has infinite distance (>= 4.5).
Warning : Matrix 526 has infinite distance (>= 4.5).
Warning : Matrix 542 has infinite distance (>= 4.5).
Warning : Matrix 550 has infinite distance (>= 4.5).
Warning : Matrix 584 has infinite distance (>= 4.5).
Warning : Matrix 592 has infinite distance (>= 4.5).
Warning : Matrix 595 has infinite distance (>= 4.5).
Warning : Matrix 603 has infinite distance (>= 4.5).
Warning : Matrix 604 has infinite distance (>= 4.5).
Warning : Matrix 613 has infinite distance (>= 4.5).
Warning : Matrix 615 has infinite distance (>= 4.5).
Warning : Matrix 623 has infinite distance (>= 4.5).
Warning : Matrix 627 has infinite distance (>= 4.5).
Warning : Matrix 630 has infinite distance (>= 4.5).
Warning : Matrix 636 has infinite distance (>= 4.5).
Warning : Matrix 646 has infinite distance (>= 4.5).
Warning : Matrix 655 has infinite distance (>= 4.5).
Warning : Matrix 657 has infinite distance (>= 4.5).
Warning : Matrix 660 has infinite distance (>= 4.5).
Warning : Matrix 664 has infinite distance (>= 4.5).
Warning : Matrix 665 has infinite distance (>= 4.5).
Warning : Matrix 672 has infinite distance (>= 4.5).
Warning : Matrix 680 has infinite distance (>= 4.5).
Warning : Matrix 697 has infinite distance (>= 4.5).
Warning : Matrix 704 has infinite distance (>= 4.5).
Warning : Matrix 708 has infinite distance (>= 4.5).
Warning : Matrix 721 has infinite distance (>= 4.5).
Warning : Matrix 732 has infinite distance (>= 4.5).
Warning : Matrix 734 has infinite distance (>= 4.5).
Warning : Matrix 738 has infinite distance (>= 4.5).
Warning : Matrix 744 has infinite distance (>= 4.5).
Warning : Matrix 745 has infinite distance (>= 4.5).
Warning : Matrix 746 has infinite distance (>= 4.5).
Warning : Matrix 747 has infinite distance (>= 4.5).
Warning : Matrix 752 has infinite distance (>= 4.5).
Warning : Matrix 763 has infinite distance (>= 4.5).
Warning : Matrix 802 has infinite distance (>= 4.5).
Warning : Matrix 804 has infinite distance (>= 4.5).
Warning : Matrix 805 has infinite distance (>= 4.5).
Warning : Matrix 822 has infinite distance (>= 4.5).
Warning : Matrix 838 has infinite distance (>= 4.5).
Warning : Matrix 842 has infinite distance (>= 4.5).
Warning : Matrix 857 has infinite distance (>= 4.5).
Warning : Matrix 865 has infinite distance (>= 4.5).
Warning : Matrix 866 has infinite distance (>= 4.5).
Warning : Matrix 868 has infinite distance (>= 4.5).
Warning : Matrix 876 has infinite distance (>= 4.5).
Warning : Matrix 884 has infinite distance (>= 4.5).
Warning : Matrix 894 has infinite distance (>= 4.5).
Warning : Matrix 897 has infinite distance (>= 4.5).
Warning : Matrix 905 has infinite distance (>= 4.5).
Warning : Matrix 911 has infinite distance (>= 4.5).
Warning : Matrix 916 has infinite distance (>= 4.5).
Warning : Matrix 922 has infinite distance (>= 4.5).
Warning : Matrix 924 has infinite distance (>= 4.5).
Warning : Matrix 943 has infinite distance (>= 4.5).
Warning : Matrix 948 has infinite distance (>= 4.5).
Warning : Matrix 967 has infinite distance (>= 4.5).
Warning : Matrix 971 has infinite distance (>= 4.5).
Warning : Matrix 978 has infinite distance (>= 4.5).
Warning : Matrix 979 has infinite distance (>= 4.5).
Warning : Matrix 981 has infinite distance (>= 4.5).
Warning : Matrix 986 has infinite distance (>= 4.5).
Warning : Matrix 992 has infinite distance (>= 4.5).
Warning : Matrix 993 has infinite distance (>= 4.5).
Weigths reading.
Wseq weights
Constraint nksumdist
System construction.
System resolution (ldlt method).
Correction factor : 1.0097
Rates writting.
Branch lengths writting.

Total time : 1370 mili seconds.
