Reading command line.
Tree reading.
Matrices reading.
Warning : Matrix 11 has infinite distance (>= 4.5).
Warning : Matrix 33 has infinite distance (>= 4.5).
Warning : Matrix 40 has infinite distance (>= 4.5).
Warning : Matrix 44 has infinite distance (>= 4.5).
Warning : Matrix 56 has infinite distance (>= 4.5).
Warning : Matrix 83 has infinite distance (>= 4.5).
Warning : Matrix 85 has infinite distance (>= 4.5).
Warning : Matrix 89 has infinite distance (>= 4.5).
Warning : Matrix 90 has infinite distance (>= 4.5).
Warning : Matrix 94 has infinite distance (>= 4.5).
Warning : Matrix 97 has infinite distance (>= 4.5).
Warning : Matrix 100 has infinite distance (>= 4.5).
Warning : Matrix 114 has infinite distance (>= 4.5).
Warning : Matrix 122 has infinite distance (>= 4.5).
Warning : Matrix 126 has infinite distance (>= 4.5).
Warning : Matrix 136 has infinite distance (>= 4.5).
Warning : Matrix 143 has infinite distance (>= 4.5).
Warning : Matrix 144 has infinite distance (>= 4.5).
Warning : Matrix 153 has infinite distance (>= 4.5).
Warning : Matrix 158 has infinite distance (>= 4.5).
Warning : Matrix 186 has infinite distance (>= 4.5).
Warning : Matrix 191 has infinite distance (>= 4.5).
Warning : Matrix 192 has infinite distance (>= 4.5).
Warning : Matrix 202 has infinite distance (>= 4.5).
Warning : Matrix 214 has infinite distance (>= 4.5).
Warning : Matrix 216 has infinite distance (>= 4.5).
Warning : Matrix 220 has infinite distance (>= 4.5).
Warning : Matrix 221 has infinite distance (>= 4.5).
Warning : Matrix 232 has infinite distance (>= 4.5).
Warning : Matrix 241 has infinite distance (>= 4.5).
Warning : Matrix 244 has infinite distance (>= 4.5).
Warning : Matrix 252 has infinite distance (>= 4.5).
Warning : Matrix 263 has infinite distance (>= 4.5).
Warning : Matrix 275 has infinite distance (>= 4.5).
Warning : Matrix 284 has infinite distance (>= 4.5).
Warning : Matrix 296 has infinite distance (>= 4.5).
Warning : Matrix 299 has infinite distance (>= 4.5).
Warning : Matrix 339 has infinite distance (>= 4.5).
Warning : Matrix 353 has infinite distance (>= 4.5).
Warning : Matrix 356 has infinite distance (>= 4.5).
Warning : Matrix 359 has infinite distance (>= 4.5).
Warning : Matrix 362 has infinite distance (>= 4.5).
Warning : Matrix 381 has infinite distance (>= 4.5).
Warning : Matrix 390 has infinite distance (>= 4.5).
Warning : Matrix 410 has infinite distance (>= 4.5).
Warning : Matrix 419 has infinite distance (>= 4.5).
Warning : Matrix 444 has infinite distance (>= 4.5).
Warning : Matrix 445 has infinite distance (>= 4.5).
Warning : Matrix 447 has infinite distance (>= 4.5).
Warning : Matrix 449 has infinite distance (>= 4.5).
Warning : Matrix 464 has infinite distance (>= 4.5).
Warning : Matrix 465 has infinite distance (>= 4.5).
Warning : Matrix 467 has infinite distance (>= 4.5).
Warning : Matrix 471 has infinite distance (>= 4.5).
Warning : Matrix 479 has infinite distance (>= 4.5).
Warning : Matrix 483 has infinite distance (>= 4.5).
Warning : Matrix 489 has infinite distance (>= 4.5).
Warning : Matrix 491 has infinite distance (>= 4.5).
Warning : Matrix 498 has infinite distance (>= 4.5).
Warning : Matrix 512 has infinite distance (>= 4.5).
Warning : Matrix 562 has infinite distance (>= 4.5).
Warning : Matrix 563 has infinite distance (>= 4.5).
Warning : Matrix 577 has infinite distance (>= 4.5).
Warning : Matrix 579 has infinite distance (>= 4.5).
Warning : Matrix 615 has infinite distance (>= 4.5).
Warning : Matrix 627 has infinite distance (>= 4.5).
Warning : Matrix 632 has infinite distance (>= 4.5).
Warning : Matrix 633 has infinite distance (>= 4.5).
Warning : Matrix 634 has infinite distance (>= 4.5).
Warning : Matrix 642 has infinite distance (>= 4.5).
Warning : Matrix 643 has infinite distance (>= 4.5).
Warning : Matrix 656 has infinite distance (>= 4.5).
Warning : Matrix 657 has infinite distance (>= 4.5).
Warning : Matrix 672 has infinite distance (>= 4.5).
Warning : Matrix 675 has infinite distance (>= 4.5).
Warning : Matrix 676 has infinite distance (>= 4.5).
Warning : Matrix 686 has infinite distance (>= 4.5).
Warning : Matrix 702 has infinite distance (>= 4.5).
Warning : Matrix 709 has infinite distance (>= 4.5).
Warning : Matrix 710 has infinite distance (>= 4.5).
Warning : Matrix 720 has infinite distance (>= 4.5).
Warning : Matrix 721 has infinite distance (>= 4.5).
Warning : Matrix 729 has infinite distance (>= 4.5).
Warning : Matrix 731 has infinite distance (>= 4.5).
Warning : Matrix 739 has infinite distance (>= 4.5).
Warning : Matrix 746 has infinite distance (>= 4.5).
Warning : Matrix 759 has infinite distance (>= 4.5).
Warning : Matrix 761 has infinite distance (>= 4.5).
Warning : Matrix 767 has infinite distance (>= 4.5).
Warning : Matrix 775 has infinite distance (>= 4.5).
Warning : Matrix 779 has infinite distance (>= 4.5).
Warning : Matrix 798 has infinite distance (>= 4.5).
Warning : Matrix 799 has infinite distance (>= 4.5).
Warning : Matrix 810 has infinite distance (>= 4.5).
Warning : Matrix 817 has infinite distance (>= 4.5).
Warning : Matrix 864 has infinite distance (>= 4.5).
Warning : Matrix 868 has infinite distance (>= 4.5).
Warning : Matrix 869 has infinite distance (>= 4.5).
Warning : Matrix 899 has infinite distance (>= 4.5).
Warning : Matrix 902 has infinite distance (>= 4.5).
Warning : Matrix 903 has infinite distance (>= 4.5).
Warning : Matrix 905 has infinite distance (>= 4.5).
Warning : Matrix 916 has infinite distance (>= 4.5).
Warning : Matrix 946 has infinite distance (>= 4.5).
Warning : Matrix 954 has infinite distance (>= 4.5).
Warning : Matrix 969 has infinite distance (>= 4.5).
Warning : Matrix 977 has infinite distance (>= 4.5).
Warning : Matrix 982 has infinite distance (>= 4.5).
Warning : Matrix 987 has infinite distance (>= 4.5).
Weigths reading.
Wseq weights
Constraint nksumdist
System construction.
System resolution (ldlt method).
Correction factor : 1.02117
Rates writting.
Branch lengths writting.

Total time : 1210 mili seconds.
