Reading command line.
Tree reading.
Matrices reading.
Warning : Matrix 4 has infinite distance (>= 4.5).
Warning : Matrix 5 has infinite distance (>= 4.5).
Warning : Matrix 11 has infinite distance (>= 4.5).
Warning : Matrix 12 has infinite distance (>= 4.5).
Warning : Matrix 13 has infinite distance (>= 4.5).
Warning : Matrix 15 has infinite distance (>= 4.5).
Warning : Matrix 24 has infinite distance (>= 4.5).
Warning : Matrix 26 has infinite distance (>= 4.5).
Warning : Matrix 43 has infinite distance (>= 4.5).
Warning : Matrix 47 has infinite distance (>= 4.5).
Warning : Matrix 50 has infinite distance (>= 4.5).
Warning : Matrix 51 has infinite distance (>= 4.5).
Warning : Matrix 58 has infinite distance (>= 4.5).
Warning : Matrix 61 has infinite distance (>= 4.5).
Warning : Matrix 65 has infinite distance (>= 4.5).
Warning : Matrix 71 has infinite distance (>= 4.5).
Warning : Matrix 75 has infinite distance (>= 4.5).
Warning : Matrix 76 has infinite distance (>= 4.5).
Warning : Matrix 77 has infinite distance (>= 4.5).
Warning : Matrix 82 has infinite distance (>= 4.5).
Warning : Matrix 84 has infinite distance (>= 4.5).
Warning : Matrix 85 has infinite distance (>= 4.5).
Warning : Matrix 86 has infinite distance (>= 4.5).
Warning : Matrix 87 has infinite distance (>= 4.5).
Warning : Matrix 89 has infinite distance (>= 4.5).
Warning : Matrix 90 has infinite distance (>= 4.5).
Warning : Matrix 94 has infinite distance (>= 4.5).
Warning : Matrix 95 has infinite distance (>= 4.5).
Warning : Matrix 96 has infinite distance (>= 4.5).
Warning : Matrix 106 has infinite distance (>= 4.5).
Warning : Matrix 107 has infinite distance (>= 4.5).
Warning : Matrix 108 has infinite distance (>= 4.5).
Warning : Matrix 112 has infinite distance (>= 4.5).
Warning : Matrix 114 has infinite distance (>= 4.5).
Warning : Matrix 115 has infinite distance (>= 4.5).
Warning : Matrix 126 has infinite distance (>= 4.5).
Warning : Matrix 127 has infinite distance (>= 4.5).
Warning : Matrix 135 has infinite distance (>= 4.5).
Warning : Matrix 139 has infinite distance (>= 4.5).
Warning : Matrix 140 has infinite distance (>= 4.5).
Warning : Matrix 142 has infinite distance (>= 4.5).
Warning : Matrix 146 has infinite distance (>= 4.5).
Warning : Matrix 147 has infinite distance (>= 4.5).
Warning : Matrix 150 has infinite distance (>= 4.5).
Warning : Matrix 156 has infinite distance (>= 4.5).
Warning : Matrix 161 has infinite distance (>= 4.5).
Warning : Matrix 165 has infinite distance (>= 4.5).
Warning : Matrix 166 has infinite distance (>= 4.5).
Warning : Matrix 168 has infinite distance (>= 4.5).
Warning : Matrix 173 has infinite distance (>= 4.5).
Warning : Matrix 178 has infinite distance (>= 4.5).
Warning : Matrix 180 has infinite distance (>= 4.5).
Warning : Matrix 183 has infinite distance (>= 4.5).
Warning : Matrix 186 has infinite distance (>= 4.5).
Warning : Matrix 189 has infinite distance (>= 4.5).
Warning : Matrix 190 has infinite distance (>= 4.5).
Warning : Matrix 195 has infinite distance (>= 4.5).
Warning : Matrix 197 has infinite distance (>= 4.5).
Warning : Matrix 200 has infinite distance (>= 4.5).
Warning : Matrix 203 has infinite distance (>= 4.5).
Warning : Matrix 208 has infinite distance (>= 4.5).
Warning : Matrix 209 has infinite distance (>= 4.5).
Warning : Matrix 213 has infinite distance (>= 4.5).
Warning : Matrix 217 has infinite distance (>= 4.5).
Warning : Matrix 224 has infinite distance (>= 4.5).
Warning : Matrix 227 has infinite distance (>= 4.5).
Warning : Matrix 233 has infinite distance (>= 4.5).
Warning : Matrix 239 has infinite distance (>= 4.5).
Warning : Matrix 240 has infinite distance (>= 4.5).
Warning : Matrix 244 has infinite distance (>= 4.5).
Warning : Matrix 245 has infinite distance (>= 4.5).
Warning : Matrix 252 has infinite distance (>= 4.5).
Warning : Matrix 262 has infinite distance (>= 4.5).
Warning : Matrix 271 has infinite distance (>= 4.5).
Warning : Matrix 275 has infinite distance (>= 4.5).
Warning : Matrix 278 has infinite distance (>= 4.5).
Warning : Matrix 281 has infinite distance (>= 4.5).
Warning : Matrix 282 has infinite distance (>= 4.5).
Warning : Matrix 288 has infinite distance (>= 4.5).
Warning : Matrix 291 has infinite distance (>= 4.5).
Warning : Matrix 292 has infinite distance (>= 4.5).
Warning : Matrix 294 has infinite distance (>= 4.5).
Warning : Matrix 296 has infinite distance (>= 4.5).
Warning : Matrix 297 has infinite distance (>= 4.5).
Warning : Matrix 305 has infinite distance (>= 4.5).
Warning : Matrix 306 has infinite distance (>= 4.5).
Warning : Matrix 312 has infinite distance (>= 4.5).
Warning : Matrix 316 has infinite distance (>= 4.5).
Warning : Matrix 318 has infinite distance (>= 4.5).
Warning : Matrix 330 has infinite distance (>= 4.5).
Warning : Matrix 332 has infinite distance (>= 4.5).
Warning : Matrix 333 has infinite distance (>= 4.5).
Warning : Matrix 335 has infinite distance (>= 4.5).
Warning : Matrix 338 has infinite distance (>= 4.5).
Warning : Matrix 340 has infinite distance (>= 4.5).
Warning : Matrix 341 has infinite distance (>= 4.5).
Warning : Matrix 346 has infinite distance (>= 4.5).
Warning : Matrix 349 has infinite distance (>= 4.5).
Warning : Matrix 351 has infinite distance (>= 4.5).
Warning : Matrix 353 has infinite distance (>= 4.5).
Warning : Matrix 354 has infinite distance (>= 4.5).
Warning : Matrix 355 has infinite distance (>= 4.5).
Warning : Matrix 362 has infinite distance (>= 4.5).
Warning : Matrix 369 has infinite distance (>= 4.5).
Warning : Matrix 374 has infinite distance (>= 4.5).
Warning : Matrix 376 has infinite distance (>= 4.5).
Warning : Matrix 377 has infinite distance (>= 4.5).
Warning : Matrix 383 has infinite distance (>= 4.5).
Warning : Matrix 392 has infinite distance (>= 4.5).
Warning : Matrix 400 has infinite distance (>= 4.5).
Warning : Matrix 405 has infinite distance (>= 4.5).
Warning : Matrix 406 has infinite distance (>= 4.5).
Warning : Matrix 407 has infinite distance (>= 4.5).
Warning : Matrix 412 has infinite distance (>= 4.5).
Warning : Matrix 413 has infinite distance (>= 4.5).
Warning : Matrix 419 has infinite distance (>= 4.5).
Warning : Matrix 420 has infinite distance (>= 4.5).
Warning : Matrix 432 has infinite distance (>= 4.5).
Warning : Matrix 435 has infinite distance (>= 4.5).
Warning : Matrix 437 has infinite distance (>= 4.5).
Warning : Matrix 438 has infinite distance (>= 4.5).
Warning : Matrix 439 has infinite distance (>= 4.5).
Warning : Matrix 440 has infinite distance (>= 4.5).
Warning : Matrix 443 has infinite distance (>= 4.5).
Warning : Matrix 448 has infinite distance (>= 4.5).
Warning : Matrix 459 has infinite distance (>= 4.5).
Warning : Matrix 460 has infinite distance (>= 4.5).
Warning : Matrix 462 has infinite distance (>= 4.5).
Warning : Matrix 463 has infinite distance (>= 4.5).
Warning : Matrix 471 has infinite distance (>= 4.5).
Warning : Matrix 477 has infinite distance (>= 4.5).
Warning : Matrix 479 has infinite distance (>= 4.5).
Warning : Matrix 483 has infinite distance (>= 4.5).
Warning : Matrix 486 has infinite distance (>= 4.5).
Warning : Matrix 488 has infinite distance (>= 4.5).
Warning : Matrix 490 has infinite distance (>= 4.5).
Warning : Matrix 491 has infinite distance (>= 4.5).
Warning : Matrix 492 has infinite distance (>= 4.5).
Warning : Matrix 500 has infinite distance (>= 4.5).
Warning : Matrix 501 has infinite distance (>= 4.5).
Warning : Matrix 502 has infinite distance (>= 4.5).
Warning : Matrix 503 has infinite distance (>= 4.5).
Warning : Matrix 507 has infinite distance (>= 4.5).
Warning : Matrix 513 has infinite distance (>= 4.5).
Warning : Matrix 514 has infinite distance (>= 4.5).
Warning : Matrix 519 has infinite distance (>= 4.5).
Warning : Matrix 522 has infinite distance (>= 4.5).
Warning : Matrix 525 has infinite distance (>= 4.5).
Warning : Matrix 528 has infinite distance (>= 4.5).
Warning : Matrix 531 has infinite distance (>= 4.5).
Warning : Matrix 533 has infinite distance (>= 4.5).
Warning : Matrix 537 has infinite distance (>= 4.5).
Warning : Matrix 540 has infinite distance (>= 4.5).
Warning : Matrix 541 has infinite distance (>= 4.5).
Warning : Matrix 543 has infinite distance (>= 4.5).
Warning : Matrix 544 has infinite distance (>= 4.5).
Warning : Matrix 547 has infinite distance (>= 4.5).
Warning : Matrix 548 has infinite distance (>= 4.5).
Warning : Matrix 549 has infinite distance (>= 4.5).
Warning : Matrix 550 has infinite distance (>= 4.5).
Warning : Matrix 551 has infinite distance (>= 4.5).
Warning : Matrix 556 has infinite distance (>= 4.5).
Warning : Matrix 557 has infinite distance (>= 4.5).
Warning : Matrix 576 has infinite distance (>= 4.5).
Warning : Matrix 578 has infinite distance (>= 4.5).
Warning : Matrix 579 has infinite distance (>= 4.5).
Warning : Matrix 580 has infinite distance (>= 4.5).
Warning : Matrix 591 has infinite distance (>= 4.5).
Warning : Matrix 600 has infinite distance (>= 4.5).
Warning : Matrix 604 has infinite distance (>= 4.5).
Warning : Matrix 610 has infinite distance (>= 4.5).
Warning : Matrix 612 has infinite distance (>= 4.5).
Warning : Matrix 613 has infinite distance (>= 4.5).
Warning : Matrix 615 has infinite distance (>= 4.5).
Warning : Matrix 616 has infinite distance (>= 4.5).
Warning : Matrix 620 has infinite distance (>= 4.5).
Warning : Matrix 624 has infinite distance (>= 4.5).
Warning : Matrix 625 has infinite distance (>= 4.5).
Warning : Matrix 626 has infinite distance (>= 4.5).
Warning : Matrix 631 has infinite distance (>= 4.5).
Warning : Matrix 636 has infinite distance (>= 4.5).
Warning : Matrix 639 has infinite distance (>= 4.5).
Warning : Matrix 640 has infinite distance (>= 4.5).
Warning : Matrix 643 has infinite distance (>= 4.5).
Warning : Matrix 646 has infinite distance (>= 4.5).
Warning : Matrix 648 has infinite distance (>= 4.5).
Warning : Matrix 650 has infinite distance (>= 4.5).
Warning : Matrix 652 has infinite distance (>= 4.5).
Warning : Matrix 653 has infinite distance (>= 4.5).
Warning : Matrix 655 has infinite distance (>= 4.5).
Warning : Matrix 659 has infinite distance (>= 4.5).
Warning : Matrix 665 has infinite distance (>= 4.5).
Warning : Matrix 667 has infinite distance (>= 4.5).
Warning : Matrix 672 has infinite distance (>= 4.5).
Warning : Matrix 673 has infinite distance (>= 4.5).
Warning : Matrix 674 has infinite distance (>= 4.5).
Warning : Matrix 680 has infinite distance (>= 4.5).
Warning : Matrix 688 has infinite distance (>= 4.5).
Warning : Matrix 689 has infinite distance (>= 4.5).
Warning : Matrix 692 has infinite distance (>= 4.5).
Warning : Matrix 697 has infinite distance (>= 4.5).
Warning : Matrix 701 has infinite distance (>= 4.5).
Warning : Matrix 702 has infinite distance (>= 4.5).
Warning : Matrix 706 has infinite distance (>= 4.5).
Warning : Matrix 708 has infinite distance (>= 4.5).
Warning : Matrix 713 has infinite distance (>= 4.5).
Warning : Matrix 714 has infinite distance (>= 4.5).
Warning : Matrix 716 has infinite distance (>= 4.5).
Warning : Matrix 718 has infinite distance (>= 4.5).
Warning : Matrix 720 has infinite distance (>= 4.5).
Warning : Matrix 721 has infinite distance (>= 4.5).
Warning : Matrix 722 has infinite distance (>= 4.5).
Warning : Matrix 738 has infinite distance (>= 4.5).
Warning : Matrix 746 has infinite distance (>= 4.5).
Warning : Matrix 748 has infinite distance (>= 4.5).
Warning : Matrix 749 has infinite distance (>= 4.5).
Warning : Matrix 751 has infinite distance (>= 4.5).
Warning : Matrix 760 has infinite distance (>= 4.5).
Warning : Matrix 767 has infinite distance (>= 4.5).
Warning : Matrix 771 has infinite distance (>= 4.5).
Warning : Matrix 772 has infinite distance (>= 4.5).
Warning : Matrix 776 has infinite distance (>= 4.5).
Warning : Matrix 780 has infinite distance (>= 4.5).
Warning : Matrix 782 has infinite distance (>= 4.5).
Warning : Matrix 784 has infinite distance (>= 4.5).
Warning : Matrix 785 has infinite distance (>= 4.5).
Warning : Matrix 788 has infinite distance (>= 4.5).
Warning : Matrix 791 has infinite distance (>= 4.5).
Warning : Matrix 794 has infinite distance (>= 4.5).
Warning : Matrix 795 has infinite distance (>= 4.5).
Warning : Matrix 797 has infinite distance (>= 4.5).
Warning : Matrix 799 has infinite distance (>= 4.5).
Warning : Matrix 802 has infinite distance (>= 4.5).
Warning : Matrix 803 has infinite distance (>= 4.5).
Warning : Matrix 805 has infinite distance (>= 4.5).
Warning : Matrix 806 has infinite distance (>= 4.5).
Warning : Matrix 808 has infinite distance (>= 4.5).
Warning : Matrix 810 has infinite distance (>= 4.5).
Warning : Matrix 812 has infinite distance (>= 4.5).
Warning : Matrix 820 has infinite distance (>= 4.5).
Warning : Matrix 821 has infinite distance (>= 4.5).
Warning : Matrix 828 has infinite distance (>= 4.5).
Warning : Matrix 832 has infinite distance (>= 4.5).
Warning : Matrix 838 has infinite distance (>= 4.5).
Warning : Matrix 840 has infinite distance (>= 4.5).
Warning : Matrix 842 has infinite distance (>= 4.5).
Warning : Matrix 847 has infinite distance (>= 4.5).
Warning : Matrix 849 has infinite distance (>= 4.5).
Warning : Matrix 853 has infinite distance (>= 4.5).
Warning : Matrix 858 has infinite distance (>= 4.5).
Warning : Matrix 861 has infinite distance (>= 4.5).
Warning : Matrix 866 has infinite distance (>= 4.5).
Warning : Matrix 867 has infinite distance (>= 4.5).
Warning : Matrix 879 has infinite distance (>= 4.5).
Warning : Matrix 888 has infinite distance (>= 4.5).
Warning : Matrix 892 has infinite distance (>= 4.5).
Warning : Matrix 895 has infinite distance (>= 4.5).
Warning : Matrix 909 has infinite distance (>= 4.5).
Warning : Matrix 916 has infinite distance (>= 4.5).
Warning : Matrix 920 has infinite distance (>= 4.5).
Warning : Matrix 925 has infinite distance (>= 4.5).
Warning : Matrix 928 has infinite distance (>= 4.5).
Warning : Matrix 933 has infinite distance (>= 4.5).
Warning : Matrix 935 has infinite distance (>= 4.5).
Warning : Matrix 937 has infinite distance (>= 4.5).
Warning : Matrix 946 has infinite distance (>= 4.5).
Warning : Matrix 947 has infinite distance (>= 4.5).
Warning : Matrix 960 has infinite distance (>= 4.5).
Warning : Matrix 961 has infinite distance (>= 4.5).
Warning : Matrix 963 has infinite distance (>= 4.5).
Warning : Matrix 965 has infinite distance (>= 4.5).
Warning : Matrix 967 has infinite distance (>= 4.5).
Warning : Matrix 968 has infinite distance (>= 4.5).
Warning : Matrix 971 has infinite distance (>= 4.5).
Warning : Matrix 973 has infinite distance (>= 4.5).
Warning : Matrix 975 has infinite distance (>= 4.5).
Warning : Matrix 976 has infinite distance (>= 4.5).
Warning : Matrix 981 has infinite distance (>= 4.5).
Warning : Matrix 982 has infinite distance (>= 4.5).
Warning : Matrix 983 has infinite distance (>= 4.5).
Warning : Matrix 989 has infinite distance (>= 4.5).
Warning : Matrix 1000 has infinite distance (>= 4.5).
Weigths reading.
Wseq weights
Constraint nksumdist
System construction.
System resolution (ldlt method).
Correction factor : 1.01384
Rates writting.
Branch lengths writting.

Total time : 1360 mili seconds.
