Reading command line.
Tree reading.
Matrices reading.
Warning : Matrix 4 has infinite distance (>= 4.5).
Warning : Matrix 5 has infinite distance (>= 4.5).
Warning : Matrix 7 has infinite distance (>= 4.5).
Warning : Matrix 11 has infinite distance (>= 4.5).
Warning : Matrix 28 has infinite distance (>= 4.5).
Warning : Matrix 35 has infinite distance (>= 4.5).
Warning : Matrix 36 has infinite distance (>= 4.5).
Warning : Matrix 49 has infinite distance (>= 4.5).
Warning : Matrix 51 has infinite distance (>= 4.5).
Warning : Matrix 58 has infinite distance (>= 4.5).
Warning : Matrix 66 has infinite distance (>= 4.5).
Warning : Matrix 72 has infinite distance (>= 4.5).
Warning : Matrix 80 has infinite distance (>= 4.5).
Warning : Matrix 89 has infinite distance (>= 4.5).
Warning : Matrix 90 has infinite distance (>= 4.5).
Warning : Matrix 91 has infinite distance (>= 4.5).
Warning : Matrix 92 has infinite distance (>= 4.5).
Warning : Matrix 93 has infinite distance (>= 4.5).
Warning : Matrix 94 has infinite distance (>= 4.5).
Warning : Matrix 96 has infinite distance (>= 4.5).
Warning : Matrix 99 has infinite distance (>= 4.5).
Warning : Matrix 100 has infinite distance (>= 4.5).
Warning : Matrix 111 has infinite distance (>= 4.5).
Warning : Matrix 121 has infinite distance (>= 4.5).
Warning : Matrix 129 has infinite distance (>= 4.5).
Warning : Matrix 138 has infinite distance (>= 4.5).
Warning : Matrix 141 has infinite distance (>= 4.5).
Warning : Matrix 143 has infinite distance (>= 4.5).
Warning : Matrix 145 has infinite distance (>= 4.5).
Warning : Matrix 147 has infinite distance (>= 4.5).
Warning : Matrix 148 has infinite distance (>= 4.5).
Warning : Matrix 154 has infinite distance (>= 4.5).
Warning : Matrix 166 has infinite distance (>= 4.5).
Warning : Matrix 174 has infinite distance (>= 4.5).
Warning : Matrix 177 has infinite distance (>= 4.5).
Warning : Matrix 180 has infinite distance (>= 4.5).
Warning : Matrix 184 has infinite distance (>= 4.5).
Warning : Matrix 191 has infinite distance (>= 4.5).
Warning : Matrix 207 has infinite distance (>= 4.5).
Warning : Matrix 213 has infinite distance (>= 4.5).
Warning : Matrix 217 has infinite distance (>= 4.5).
Warning : Matrix 219 has infinite distance (>= 4.5).
Warning : Matrix 220 has infinite distance (>= 4.5).
Warning : Matrix 239 has infinite distance (>= 4.5).
Warning : Matrix 250 has infinite distance (>= 4.5).
Warning : Matrix 253 has infinite distance (>= 4.5).
Warning : Matrix 254 has infinite distance (>= 4.5).
Warning : Matrix 262 has infinite distance (>= 4.5).
Warning : Matrix 275 has infinite distance (>= 4.5).
Warning : Matrix 277 has infinite distance (>= 4.5).
Warning : Matrix 284 has infinite distance (>= 4.5).
Warning : Matrix 292 has infinite distance (>= 4.5).
Warning : Matrix 293 has infinite distance (>= 4.5).
Warning : Matrix 299 has infinite distance (>= 4.5).
Warning : Matrix 315 has infinite distance (>= 4.5).
Warning : Matrix 325 has infinite distance (>= 4.5).
Warning : Matrix 326 has infinite distance (>= 4.5).
Warning : Matrix 328 has infinite distance (>= 4.5).
Warning : Matrix 331 has infinite distance (>= 4.5).
Warning : Matrix 332 has infinite distance (>= 4.5).
Warning : Matrix 343 has infinite distance (>= 4.5).
Warning : Matrix 354 has infinite distance (>= 4.5).
Warning : Matrix 359 has infinite distance (>= 4.5).
Warning : Matrix 360 has infinite distance (>= 4.5).
Warning : Matrix 372 has infinite distance (>= 4.5).
Warning : Matrix 378 has infinite distance (>= 4.5).
Warning : Matrix 379 has infinite distance (>= 4.5).
Warning : Matrix 400 has infinite distance (>= 4.5).
Warning : Matrix 410 has infinite distance (>= 4.5).
Warning : Matrix 411 has infinite distance (>= 4.5).
Warning : Matrix 421 has infinite distance (>= 4.5).
Warning : Matrix 447 has infinite distance (>= 4.5).
Warning : Matrix 450 has infinite distance (>= 4.5).
Warning : Matrix 452 has infinite distance (>= 4.5).
Warning : Matrix 469 has infinite distance (>= 4.5).
Warning : Matrix 472 has infinite distance (>= 4.5).
Warning : Matrix 476 has infinite distance (>= 4.5).
Warning : Matrix 486 has infinite distance (>= 4.5).
Warning : Matrix 490 has infinite distance (>= 4.5).
Warning : Matrix 492 has infinite distance (>= 4.5).
Warning : Matrix 493 has infinite distance (>= 4.5).
Warning : Matrix 495 has infinite distance (>= 4.5).
Warning : Matrix 504 has infinite distance (>= 4.5).
Warning : Matrix 505 has infinite distance (>= 4.5).
Warning : Matrix 514 has infinite distance (>= 4.5).
Warning : Matrix 515 has infinite distance (>= 4.5).
Warning : Matrix 516 has infinite distance (>= 4.5).
Warning : Matrix 519 has infinite distance (>= 4.5).
Warning : Matrix 522 has infinite distance (>= 4.5).
Warning : Matrix 528 has infinite distance (>= 4.5).
Warning : Matrix 529 has infinite distance (>= 4.5).
Warning : Matrix 532 has infinite distance (>= 4.5).
Warning : Matrix 537 has infinite distance (>= 4.5).
Warning : Matrix 538 has infinite distance (>= 4.5).
Warning : Matrix 544 has infinite distance (>= 4.5).
Warning : Matrix 546 has infinite distance (>= 4.5).
Warning : Matrix 552 has infinite distance (>= 4.5).
Warning : Matrix 558 has infinite distance (>= 4.5).
Warning : Matrix 561 has infinite distance (>= 4.5).
Warning : Matrix 562 has infinite distance (>= 4.5).
Warning : Matrix 564 has infinite distance (>= 4.5).
Warning : Matrix 574 has infinite distance (>= 4.5).
Warning : Matrix 588 has infinite distance (>= 4.5).
Warning : Matrix 592 has infinite distance (>= 4.5).
Warning : Matrix 605 has infinite distance (>= 4.5).
Warning : Matrix 606 has infinite distance (>= 4.5).
Warning : Matrix 613 has infinite distance (>= 4.5).
Warning : Matrix 614 has infinite distance (>= 4.5).
Warning : Matrix 616 has infinite distance (>= 4.5).
Warning : Matrix 619 has infinite distance (>= 4.5).
Warning : Matrix 620 has infinite distance (>= 4.5).
Warning : Matrix 621 has infinite distance (>= 4.5).
Warning : Matrix 625 has infinite distance (>= 4.5).
Warning : Matrix 631 has infinite distance (>= 4.5).
Warning : Matrix 638 has infinite distance (>= 4.5).
Warning : Matrix 639 has infinite distance (>= 4.5).
Warning : Matrix 641 has infinite distance (>= 4.5).
Warning : Matrix 649 has infinite distance (>= 4.5).
Warning : Matrix 656 has infinite distance (>= 4.5).
Warning : Matrix 660 has infinite distance (>= 4.5).
Warning : Matrix 662 has infinite distance (>= 4.5).
Warning : Matrix 664 has infinite distance (>= 4.5).
Warning : Matrix 669 has infinite distance (>= 4.5).
Warning : Matrix 676 has infinite distance (>= 4.5).
Warning : Matrix 678 has infinite distance (>= 4.5).
Warning : Matrix 679 has infinite distance (>= 4.5).
Warning : Matrix 685 has infinite distance (>= 4.5).
Warning : Matrix 699 has infinite distance (>= 4.5).
Warning : Matrix 700 has infinite distance (>= 4.5).
Warning : Matrix 709 has infinite distance (>= 4.5).
Warning : Matrix 714 has infinite distance (>= 4.5).
Warning : Matrix 715 has infinite distance (>= 4.5).
Warning : Matrix 720 has infinite distance (>= 4.5).
Warning : Matrix 721 has infinite distance (>= 4.5).
Warning : Matrix 724 has infinite distance (>= 4.5).
Warning : Matrix 733 has infinite distance (>= 4.5).
Warning : Matrix 734 has infinite distance (>= 4.5).
Warning : Matrix 742 has infinite distance (>= 4.5).
Warning : Matrix 744 has infinite distance (>= 4.5).
Warning : Matrix 746 has infinite distance (>= 4.5).
Warning : Matrix 748 has infinite distance (>= 4.5).
Warning : Matrix 751 has infinite distance (>= 4.5).
Warning : Matrix 755 has infinite distance (>= 4.5).
Warning : Matrix 758 has infinite distance (>= 4.5).
Warning : Matrix 759 has infinite distance (>= 4.5).
Warning : Matrix 760 has infinite distance (>= 4.5).
Warning : Matrix 761 has infinite distance (>= 4.5).
Warning : Matrix 764 has infinite distance (>= 4.5).
Warning : Matrix 769 has infinite distance (>= 4.5).
Warning : Matrix 770 has infinite distance (>= 4.5).
Warning : Matrix 778 has infinite distance (>= 4.5).
Warning : Matrix 779 has infinite distance (>= 4.5).
Warning : Matrix 788 has infinite distance (>= 4.5).
Warning : Matrix 792 has infinite distance (>= 4.5).
Warning : Matrix 793 has infinite distance (>= 4.5).
Warning : Matrix 795 has infinite distance (>= 4.5).
Warning : Matrix 817 has infinite distance (>= 4.5).
Warning : Matrix 822 has infinite distance (>= 4.5).
Warning : Matrix 828 has infinite distance (>= 4.5).
Warning : Matrix 833 has infinite distance (>= 4.5).
Warning : Matrix 838 has infinite distance (>= 4.5).
Warning : Matrix 841 has infinite distance (>= 4.5).
Warning : Matrix 842 has infinite distance (>= 4.5).
Warning : Matrix 847 has infinite distance (>= 4.5).
Warning : Matrix 848 has infinite distance (>= 4.5).
Warning : Matrix 853 has infinite distance (>= 4.5).
Warning : Matrix 854 has infinite distance (>= 4.5).
Warning : Matrix 857 has infinite distance (>= 4.5).
Warning : Matrix 861 has infinite distance (>= 4.5).
Warning : Matrix 868 has infinite distance (>= 4.5).
Warning : Matrix 871 has infinite distance (>= 4.5).
Warning : Matrix 875 has infinite distance (>= 4.5).
Warning : Matrix 881 has infinite distance (>= 4.5).
Warning : Matrix 896 has infinite distance (>= 4.5).
Warning : Matrix 898 has infinite distance (>= 4.5).
Warning : Matrix 903 has infinite distance (>= 4.5).
Warning : Matrix 905 has infinite distance (>= 4.5).
Warning : Matrix 906 has infinite distance (>= 4.5).
Warning : Matrix 907 has infinite distance (>= 4.5).
Warning : Matrix 909 has infinite distance (>= 4.5).
Warning : Matrix 910 has infinite distance (>= 4.5).
Warning : Matrix 917 has infinite distance (>= 4.5).
Warning : Matrix 921 has infinite distance (>= 4.5).
Warning : Matrix 923 has infinite distance (>= 4.5).
Warning : Matrix 924 has infinite distance (>= 4.5).
Warning : Matrix 925 has infinite distance (>= 4.5).
Warning : Matrix 928 has infinite distance (>= 4.5).
Warning : Matrix 931 has infinite distance (>= 4.5).
Warning : Matrix 932 has infinite distance (>= 4.5).
Warning : Matrix 934 has infinite distance (>= 4.5).
Warning : Matrix 939 has infinite distance (>= 4.5).
Warning : Matrix 941 has infinite distance (>= 4.5).
Warning : Matrix 946 has infinite distance (>= 4.5).
Warning : Matrix 948 has infinite distance (>= 4.5).
Warning : Matrix 951 has infinite distance (>= 4.5).
Warning : Matrix 965 has infinite distance (>= 4.5).
Warning : Matrix 966 has infinite distance (>= 4.5).
Warning : Matrix 971 has infinite distance (>= 4.5).
Warning : Matrix 980 has infinite distance (>= 4.5).
Warning : Matrix 982 has infinite distance (>= 4.5).
Warning : Matrix 983 has infinite distance (>= 4.5).
Warning : Matrix 984 has infinite distance (>= 4.5).
Warning : Matrix 985 has infinite distance (>= 4.5).
Warning : Matrix 995 has infinite distance (>= 4.5).
Warning : Matrix 997 has infinite distance (>= 4.5).
Warning : Matrix 998 has infinite distance (>= 4.5).
Weigths reading.
Wseq weights
Constraint nksumdist
System construction.
System resolution (ldlt method).
Correction factor : 1.0121
Rates writting.
Branch lengths writting.

Total time : 1390 mili seconds.
