Reading command line.
Tree reading.
Matrices reading.
Warning : Matrix 16 has infinite distance (>= 4.5).
Warning : Matrix 17 has infinite distance (>= 4.5).
Warning : Matrix 18 has infinite distance (>= 4.5).
Warning : Matrix 22 has infinite distance (>= 4.5).
Warning : Matrix 23 has infinite distance (>= 4.5).
Warning : Matrix 29 has infinite distance (>= 4.5).
Warning : Matrix 43 has infinite distance (>= 4.5).
Warning : Matrix 53 has infinite distance (>= 4.5).
Warning : Matrix 54 has infinite distance (>= 4.5).
Warning : Matrix 55 has infinite distance (>= 4.5).
Warning : Matrix 56 has infinite distance (>= 4.5).
Warning : Matrix 58 has infinite distance (>= 4.5).
Warning : Matrix 59 has infinite distance (>= 4.5).
Warning : Matrix 60 has infinite distance (>= 4.5).
Warning : Matrix 66 has infinite distance (>= 4.5).
Warning : Matrix 68 has infinite distance (>= 4.5).
Warning : Matrix 70 has infinite distance (>= 4.5).
Warning : Matrix 72 has infinite distance (>= 4.5).
Warning : Matrix 73 has infinite distance (>= 4.5).
Warning : Matrix 78 has infinite distance (>= 4.5).
Warning : Matrix 81 has infinite distance (>= 4.5).
Warning : Matrix 87 has infinite distance (>= 4.5).
Warning : Matrix 91 has infinite distance (>= 4.5).
Warning : Matrix 95 has infinite distance (>= 4.5).
Warning : Matrix 96 has infinite distance (>= 4.5).
Warning : Matrix 97 has infinite distance (>= 4.5).
Warning : Matrix 100 has infinite distance (>= 4.5).
Warning : Matrix 103 has infinite distance (>= 4.5).
Warning : Matrix 104 has infinite distance (>= 4.5).
Warning : Matrix 105 has infinite distance (>= 4.5).
Warning : Matrix 108 has infinite distance (>= 4.5).
Warning : Matrix 112 has infinite distance (>= 4.5).
Warning : Matrix 119 has infinite distance (>= 4.5).
Warning : Matrix 132 has infinite distance (>= 4.5).
Warning : Matrix 136 has infinite distance (>= 4.5).
Warning : Matrix 138 has infinite distance (>= 4.5).
Warning : Matrix 140 has infinite distance (>= 4.5).
Warning : Matrix 141 has infinite distance (>= 4.5).
Warning : Matrix 144 has infinite distance (>= 4.5).
Warning : Matrix 145 has infinite distance (>= 4.5).
Warning : Matrix 146 has infinite distance (>= 4.5).
Warning : Matrix 154 has infinite distance (>= 4.5).
Warning : Matrix 160 has infinite distance (>= 4.5).
Warning : Matrix 162 has infinite distance (>= 4.5).
Warning : Matrix 165 has infinite distance (>= 4.5).
Warning : Matrix 166 has infinite distance (>= 4.5).
Warning : Matrix 169 has infinite distance (>= 4.5).
Warning : Matrix 175 has infinite distance (>= 4.5).
Warning : Matrix 176 has infinite distance (>= 4.5).
Warning : Matrix 177 has infinite distance (>= 4.5).
Warning : Matrix 180 has infinite distance (>= 4.5).
Warning : Matrix 181 has infinite distance (>= 4.5).
Warning : Matrix 183 has infinite distance (>= 4.5).
Warning : Matrix 186 has infinite distance (>= 4.5).
Warning : Matrix 187 has infinite distance (>= 4.5).
Warning : Matrix 188 has infinite distance (>= 4.5).
Warning : Matrix 192 has infinite distance (>= 4.5).
Warning : Matrix 200 has infinite distance (>= 4.5).
Warning : Matrix 202 has infinite distance (>= 4.5).
Warning : Matrix 204 has infinite distance (>= 4.5).
Warning : Matrix 207 has infinite distance (>= 4.5).
Warning : Matrix 210 has infinite distance (>= 4.5).
Warning : Matrix 215 has infinite distance (>= 4.5).
Warning : Matrix 216 has infinite distance (>= 4.5).
Warning : Matrix 219 has infinite distance (>= 4.5).
Warning : Matrix 221 has infinite distance (>= 4.5).
Warning : Matrix 223 has infinite distance (>= 4.5).
Warning : Matrix 225 has infinite distance (>= 4.5).
Warning : Matrix 226 has infinite distance (>= 4.5).
Warning : Matrix 227 has infinite distance (>= 4.5).
Warning : Matrix 228 has infinite distance (>= 4.5).
Warning : Matrix 234 has infinite distance (>= 4.5).
Warning : Matrix 239 has infinite distance (>= 4.5).
Warning : Matrix 244 has infinite distance (>= 4.5).
Warning : Matrix 245 has infinite distance (>= 4.5).
Warning : Matrix 247 has infinite distance (>= 4.5).
Warning : Matrix 249 has infinite distance (>= 4.5).
Warning : Matrix 256 has infinite distance (>= 4.5).
Warning : Matrix 265 has infinite distance (>= 4.5).
Warning : Matrix 269 has infinite distance (>= 4.5).
Warning : Matrix 271 has infinite distance (>= 4.5).
Warning : Matrix 272 has infinite distance (>= 4.5).
Warning : Matrix 273 has infinite distance (>= 4.5).
Warning : Matrix 276 has infinite distance (>= 4.5).
Warning : Matrix 277 has infinite distance (>= 4.5).
Warning : Matrix 280 has infinite distance (>= 4.5).
Warning : Matrix 285 has infinite distance (>= 4.5).
Warning : Matrix 288 has infinite distance (>= 4.5).
Warning : Matrix 294 has infinite distance (>= 4.5).
Warning : Matrix 298 has infinite distance (>= 4.5).
Warning : Matrix 303 has infinite distance (>= 4.5).
Warning : Matrix 306 has infinite distance (>= 4.5).
Warning : Matrix 310 has infinite distance (>= 4.5).
Warning : Matrix 312 has infinite distance (>= 4.5).
Warning : Matrix 313 has infinite distance (>= 4.5).
Warning : Matrix 319 has infinite distance (>= 4.5).
Warning : Matrix 323 has infinite distance (>= 4.5).
Warning : Matrix 325 has infinite distance (>= 4.5).
Warning : Matrix 339 has infinite distance (>= 4.5).
Warning : Matrix 343 has infinite distance (>= 4.5).
Warning : Matrix 348 has infinite distance (>= 4.5).
Warning : Matrix 350 has infinite distance (>= 4.5).
Warning : Matrix 352 has infinite distance (>= 4.5).
Warning : Matrix 362 has infinite distance (>= 4.5).
Warning : Matrix 363 has infinite distance (>= 4.5).
Warning : Matrix 364 has infinite distance (>= 4.5).
Warning : Matrix 369 has infinite distance (>= 4.5).
Warning : Matrix 378 has infinite distance (>= 4.5).
Warning : Matrix 379 has infinite distance (>= 4.5).
Warning : Matrix 380 has infinite distance (>= 4.5).
Warning : Matrix 382 has infinite distance (>= 4.5).
Warning : Matrix 383 has infinite distance (>= 4.5).
Warning : Matrix 391 has infinite distance (>= 4.5).
Warning : Matrix 396 has infinite distance (>= 4.5).
Warning : Matrix 400 has infinite distance (>= 4.5).
Warning : Matrix 403 has infinite distance (>= 4.5).
Warning : Matrix 404 has infinite distance (>= 4.5).
Warning : Matrix 412 has infinite distance (>= 4.5).
Warning : Matrix 413 has infinite distance (>= 4.5).
Warning : Matrix 414 has infinite distance (>= 4.5).
Warning : Matrix 421 has infinite distance (>= 4.5).
Warning : Matrix 423 has infinite distance (>= 4.5).
Warning : Matrix 428 has infinite distance (>= 4.5).
Warning : Matrix 448 has infinite distance (>= 4.5).
Warning : Matrix 449 has infinite distance (>= 4.5).
Warning : Matrix 450 has infinite distance (>= 4.5).
Warning : Matrix 451 has infinite distance (>= 4.5).
Warning : Matrix 454 has infinite distance (>= 4.5).
Warning : Matrix 455 has infinite distance (>= 4.5).
Warning : Matrix 463 has infinite distance (>= 4.5).
Warning : Matrix 466 has infinite distance (>= 4.5).
Warning : Matrix 470 has infinite distance (>= 4.5).
Warning : Matrix 471 has infinite distance (>= 4.5).
Warning : Matrix 473 has infinite distance (>= 4.5).
Warning : Matrix 474 has infinite distance (>= 4.5).
Warning : Matrix 475 has infinite distance (>= 4.5).
Warning : Matrix 486 has infinite distance (>= 4.5).
Warning : Matrix 487 has infinite distance (>= 4.5).
Warning : Matrix 491 has infinite distance (>= 4.5).
Warning : Matrix 492 has infinite distance (>= 4.5).
Warning : Matrix 493 has infinite distance (>= 4.5).
Warning : Matrix 497 has infinite distance (>= 4.5).
Warning : Matrix 501 has infinite distance (>= 4.5).
Warning : Matrix 504 has infinite distance (>= 4.5).
Warning : Matrix 511 has infinite distance (>= 4.5).
Warning : Matrix 514 has infinite distance (>= 4.5).
Warning : Matrix 515 has infinite distance (>= 4.5).
Warning : Matrix 519 has infinite distance (>= 4.5).
Warning : Matrix 530 has infinite distance (>= 4.5).
Warning : Matrix 532 has infinite distance (>= 4.5).
Warning : Matrix 533 has infinite distance (>= 4.5).
Warning : Matrix 538 has infinite distance (>= 4.5).
Warning : Matrix 547 has infinite distance (>= 4.5).
Warning : Matrix 551 has infinite distance (>= 4.5).
Warning : Matrix 552 has infinite distance (>= 4.5).
Warning : Matrix 553 has infinite distance (>= 4.5).
Warning : Matrix 555 has infinite distance (>= 4.5).
Warning : Matrix 560 has infinite distance (>= 4.5).
Warning : Matrix 562 has infinite distance (>= 4.5).
Warning : Matrix 563 has infinite distance (>= 4.5).
Warning : Matrix 564 has infinite distance (>= 4.5).
Warning : Matrix 565 has infinite distance (>= 4.5).
Warning : Matrix 574 has infinite distance (>= 4.5).
Warning : Matrix 580 has infinite distance (>= 4.5).
Warning : Matrix 582 has infinite distance (>= 4.5).
Warning : Matrix 583 has infinite distance (>= 4.5).
Warning : Matrix 585 has infinite distance (>= 4.5).
Warning : Matrix 586 has infinite distance (>= 4.5).
Warning : Matrix 587 has infinite distance (>= 4.5).
Warning : Matrix 588 has infinite distance (>= 4.5).
Warning : Matrix 590 has infinite distance (>= 4.5).
Warning : Matrix 608 has infinite distance (>= 4.5).
Warning : Matrix 612 has infinite distance (>= 4.5).
Warning : Matrix 613 has infinite distance (>= 4.5).
Warning : Matrix 615 has infinite distance (>= 4.5).
Warning : Matrix 625 has infinite distance (>= 4.5).
Warning : Matrix 626 has infinite distance (>= 4.5).
Warning : Matrix 630 has infinite distance (>= 4.5).
Warning : Matrix 631 has infinite distance (>= 4.5).
Warning : Matrix 633 has infinite distance (>= 4.5).
Warning : Matrix 641 has infinite distance (>= 4.5).
Warning : Matrix 643 has infinite distance (>= 4.5).
Warning : Matrix 651 has infinite distance (>= 4.5).
Warning : Matrix 657 has infinite distance (>= 4.5).
Warning : Matrix 658 has infinite distance (>= 4.5).
Warning : Matrix 661 has infinite distance (>= 4.5).
Warning : Matrix 666 has infinite distance (>= 4.5).
Warning : Matrix 668 has infinite distance (>= 4.5).
Warning : Matrix 669 has infinite distance (>= 4.5).
Warning : Matrix 670 has infinite distance (>= 4.5).
Warning : Matrix 673 has infinite distance (>= 4.5).
Warning : Matrix 675 has infinite distance (>= 4.5).
Warning : Matrix 676 has infinite distance (>= 4.5).
Warning : Matrix 679 has infinite distance (>= 4.5).
Warning : Matrix 682 has infinite distance (>= 4.5).
Warning : Matrix 683 has infinite distance (>= 4.5).
Warning : Matrix 684 has infinite distance (>= 4.5).
Warning : Matrix 685 has infinite distance (>= 4.5).
Warning : Matrix 686 has infinite distance (>= 4.5).
Warning : Matrix 690 has infinite distance (>= 4.5).
Warning : Matrix 691 has infinite distance (>= 4.5).
Warning : Matrix 694 has infinite distance (>= 4.5).
Warning : Matrix 696 has infinite distance (>= 4.5).
Warning : Matrix 702 has infinite distance (>= 4.5).
Warning : Matrix 710 has infinite distance (>= 4.5).
Warning : Matrix 727 has infinite distance (>= 4.5).
Warning : Matrix 728 has infinite distance (>= 4.5).
Warning : Matrix 729 has infinite distance (>= 4.5).
Warning : Matrix 731 has infinite distance (>= 4.5).
Warning : Matrix 734 has infinite distance (>= 4.5).
Warning : Matrix 742 has infinite distance (>= 4.5).
Warning : Matrix 746 has infinite distance (>= 4.5).
Warning : Matrix 751 has infinite distance (>= 4.5).
Warning : Matrix 752 has infinite distance (>= 4.5).
Warning : Matrix 757 has infinite distance (>= 4.5).
Warning : Matrix 758 has infinite distance (>= 4.5).
Warning : Matrix 759 has infinite distance (>= 4.5).
Warning : Matrix 760 has infinite distance (>= 4.5).
Warning : Matrix 765 has infinite distance (>= 4.5).
Warning : Matrix 767 has infinite distance (>= 4.5).
Warning : Matrix 768 has infinite distance (>= 4.5).
Warning : Matrix 770 has infinite distance (>= 4.5).
Warning : Matrix 773 has infinite distance (>= 4.5).
Warning : Matrix 775 has infinite distance (>= 4.5).
Warning : Matrix 778 has infinite distance (>= 4.5).
Warning : Matrix 785 has infinite distance (>= 4.5).
Warning : Matrix 786 has infinite distance (>= 4.5).
Warning : Matrix 789 has infinite distance (>= 4.5).
Warning : Matrix 791 has infinite distance (>= 4.5).
Warning : Matrix 794 has infinite distance (>= 4.5).
Warning : Matrix 796 has infinite distance (>= 4.5).
Warning : Matrix 797 has infinite distance (>= 4.5).
Warning : Matrix 805 has infinite distance (>= 4.5).
Warning : Matrix 807 has infinite distance (>= 4.5).
Warning : Matrix 810 has infinite distance (>= 4.5).
Warning : Matrix 812 has infinite distance (>= 4.5).
Warning : Matrix 814 has infinite distance (>= 4.5).
Warning : Matrix 815 has infinite distance (>= 4.5).
Warning : Matrix 816 has infinite distance (>= 4.5).
Warning : Matrix 819 has infinite distance (>= 4.5).
Warning : Matrix 825 has infinite distance (>= 4.5).
Warning : Matrix 826 has infinite distance (>= 4.5).
Warning : Matrix 827 has infinite distance (>= 4.5).
Warning : Matrix 829 has infinite distance (>= 4.5).
Warning : Matrix 830 has infinite distance (>= 4.5).
Warning : Matrix 832 has infinite distance (>= 4.5).
Warning : Matrix 838 has infinite distance (>= 4.5).
Warning : Matrix 839 has infinite distance (>= 4.5).
Warning : Matrix 841 has infinite distance (>= 4.5).
Warning : Matrix 842 has infinite distance (>= 4.5).
Warning : Matrix 846 has infinite distance (>= 4.5).
Warning : Matrix 851 has infinite distance (>= 4.5).
Warning : Matrix 857 has infinite distance (>= 4.5).
Warning : Matrix 859 has infinite distance (>= 4.5).
Warning : Matrix 861 has infinite distance (>= 4.5).
Warning : Matrix 864 has infinite distance (>= 4.5).
Warning : Matrix 865 has infinite distance (>= 4.5).
Warning : Matrix 867 has infinite distance (>= 4.5).
Warning : Matrix 874 has infinite distance (>= 4.5).
Warning : Matrix 878 has infinite distance (>= 4.5).
Warning : Matrix 881 has infinite distance (>= 4.5).
Warning : Matrix 887 has infinite distance (>= 4.5).
Warning : Matrix 893 has infinite distance (>= 4.5).
Warning : Matrix 896 has infinite distance (>= 4.5).
Warning : Matrix 898 has infinite distance (>= 4.5).
Warning : Matrix 909 has infinite distance (>= 4.5).
Warning : Matrix 911 has infinite distance (>= 4.5).
Warning : Matrix 915 has infinite distance (>= 4.5).
Warning : Matrix 922 has infinite distance (>= 4.5).
Warning : Matrix 926 has infinite distance (>= 4.5).
Warning : Matrix 937 has infinite distance (>= 4.5).
Warning : Matrix 938 has infinite distance (>= 4.5).
Warning : Matrix 939 has infinite distance (>= 4.5).
Warning : Matrix 941 has infinite distance (>= 4.5).
Warning : Matrix 942 has infinite distance (>= 4.5).
Warning : Matrix 948 has infinite distance (>= 4.5).
Warning : Matrix 951 has infinite distance (>= 4.5).
Warning : Matrix 959 has infinite distance (>= 4.5).
Warning : Matrix 962 has infinite distance (>= 4.5).
Warning : Matrix 967 has infinite distance (>= 4.5).
Warning : Matrix 968 has infinite distance (>= 4.5).
Warning : Matrix 969 has infinite distance (>= 4.5).
Warning : Matrix 973 has infinite distance (>= 4.5).
Warning : Matrix 976 has infinite distance (>= 4.5).
Warning : Matrix 978 has infinite distance (>= 4.5).
Warning : Matrix 981 has infinite distance (>= 4.5).
Warning : Matrix 994 has infinite distance (>= 4.5).
Warning : Matrix 999 has infinite distance (>= 4.5).
Weigths reading.
Wseq weights
Constraint nksumdist
System construction.
System resolution (ldlt method).
Correction factor : 1.01039
Rates writting.
Branch lengths writting.

Total time : 1240 mili seconds.
