Reading command line.
Tree reading.
Matrices reading.
Warning : Matrix 1 has infinite distance (>= 4.5).
Warning : Matrix 13 has infinite distance (>= 4.5).
Warning : Matrix 17 has infinite distance (>= 4.5).
Warning : Matrix 37 has infinite distance (>= 4.5).
Warning : Matrix 40 has infinite distance (>= 4.5).
Warning : Matrix 50 has infinite distance (>= 4.5).
Warning : Matrix 56 has infinite distance (>= 4.5).
Warning : Matrix 61 has infinite distance (>= 4.5).
Warning : Matrix 79 has infinite distance (>= 4.5).
Warning : Matrix 82 has infinite distance (>= 4.5).
Warning : Matrix 95 has infinite distance (>= 4.5).
Warning : Matrix 106 has infinite distance (>= 4.5).
Warning : Matrix 108 has infinite distance (>= 4.5).
Warning : Matrix 130 has infinite distance (>= 4.5).
Warning : Matrix 140 has infinite distance (>= 4.5).
Warning : Matrix 144 has infinite distance (>= 4.5).
Warning : Matrix 150 has infinite distance (>= 4.5).
Warning : Matrix 152 has infinite distance (>= 4.5).
Warning : Matrix 153 has infinite distance (>= 4.5).
Warning : Matrix 155 has infinite distance (>= 4.5).
Warning : Matrix 156 has infinite distance (>= 4.5).
Warning : Matrix 159 has infinite distance (>= 4.5).
Warning : Matrix 172 has infinite distance (>= 4.5).
Warning : Matrix 199 has infinite distance (>= 4.5).
Warning : Matrix 201 has infinite distance (>= 4.5).
Warning : Matrix 204 has infinite distance (>= 4.5).
Warning : Matrix 212 has infinite distance (>= 4.5).
Warning : Matrix 220 has infinite distance (>= 4.5).
Warning : Matrix 231 has infinite distance (>= 4.5).
Warning : Matrix 235 has infinite distance (>= 4.5).
Warning : Matrix 244 has infinite distance (>= 4.5).
Warning : Matrix 246 has infinite distance (>= 4.5).
Warning : Matrix 261 has infinite distance (>= 4.5).
Warning : Matrix 274 has infinite distance (>= 4.5).
Warning : Matrix 278 has infinite distance (>= 4.5).
Warning : Matrix 312 has infinite distance (>= 4.5).
Warning : Matrix 316 has infinite distance (>= 4.5).
Warning : Matrix 332 has infinite distance (>= 4.5).
Warning : Matrix 339 has infinite distance (>= 4.5).
Warning : Matrix 345 has infinite distance (>= 4.5).
Warning : Matrix 350 has infinite distance (>= 4.5).
Warning : Matrix 369 has infinite distance (>= 4.5).
Warning : Matrix 375 has infinite distance (>= 4.5).
Warning : Matrix 380 has infinite distance (>= 4.5).
Warning : Matrix 387 has infinite distance (>= 4.5).
Warning : Matrix 399 has infinite distance (>= 4.5).
Warning : Matrix 413 has infinite distance (>= 4.5).
Warning : Matrix 417 has infinite distance (>= 4.5).
Warning : Matrix 419 has infinite distance (>= 4.5).
Warning : Matrix 433 has infinite distance (>= 4.5).
Warning : Matrix 436 has infinite distance (>= 4.5).
Warning : Matrix 451 has infinite distance (>= 4.5).
Warning : Matrix 455 has infinite distance (>= 4.5).
Warning : Matrix 456 has infinite distance (>= 4.5).
Warning : Matrix 462 has infinite distance (>= 4.5).
Warning : Matrix 468 has infinite distance (>= 4.5).
Warning : Matrix 479 has infinite distance (>= 4.5).
Warning : Matrix 484 has infinite distance (>= 4.5).
Warning : Matrix 499 has infinite distance (>= 4.5).
Warning : Matrix 501 has infinite distance (>= 4.5).
Warning : Matrix 525 has infinite distance (>= 4.5).
Warning : Matrix 550 has infinite distance (>= 4.5).
Warning : Matrix 576 has infinite distance (>= 4.5).
Warning : Matrix 581 has infinite distance (>= 4.5).
Warning : Matrix 617 has infinite distance (>= 4.5).
Warning : Matrix 619 has infinite distance (>= 4.5).
Warning : Matrix 620 has infinite distance (>= 4.5).
Warning : Matrix 630 has infinite distance (>= 4.5).
Warning : Matrix 631 has infinite distance (>= 4.5).
Warning : Matrix 653 has infinite distance (>= 4.5).
Warning : Matrix 664 has infinite distance (>= 4.5).
Warning : Matrix 668 has infinite distance (>= 4.5).
Warning : Matrix 683 has infinite distance (>= 4.5).
Warning : Matrix 692 has infinite distance (>= 4.5).
Warning : Matrix 694 has infinite distance (>= 4.5).
Warning : Matrix 698 has infinite distance (>= 4.5).
Warning : Matrix 712 has infinite distance (>= 4.5).
Warning : Matrix 725 has infinite distance (>= 4.5).
Warning : Matrix 740 has infinite distance (>= 4.5).
Warning : Matrix 747 has infinite distance (>= 4.5).
Warning : Matrix 750 has infinite distance (>= 4.5).
Warning : Matrix 780 has infinite distance (>= 4.5).
Warning : Matrix 787 has infinite distance (>= 4.5).
Warning : Matrix 790 has infinite distance (>= 4.5).
Warning : Matrix 796 has infinite distance (>= 4.5).
Warning : Matrix 809 has infinite distance (>= 4.5).
Warning : Matrix 813 has infinite distance (>= 4.5).
Warning : Matrix 825 has infinite distance (>= 4.5).
Warning : Matrix 826 has infinite distance (>= 4.5).
Warning : Matrix 830 has infinite distance (>= 4.5).
Warning : Matrix 844 has infinite distance (>= 4.5).
Warning : Matrix 847 has infinite distance (>= 4.5).
Warning : Matrix 857 has infinite distance (>= 4.5).
Warning : Matrix 871 has infinite distance (>= 4.5).
Warning : Matrix 894 has infinite distance (>= 4.5).
Warning : Matrix 896 has infinite distance (>= 4.5).
Warning : Matrix 903 has infinite distance (>= 4.5).
Warning : Matrix 904 has infinite distance (>= 4.5).
Warning : Matrix 916 has infinite distance (>= 4.5).
Warning : Matrix 917 has infinite distance (>= 4.5).
Warning : Matrix 934 has infinite distance (>= 4.5).
Warning : Matrix 951 has infinite distance (>= 4.5).
Warning : Matrix 966 has infinite distance (>= 4.5).
Warning : Matrix 983 has infinite distance (>= 4.5).
Warning : Matrix 995 has infinite distance (>= 4.5).
Warning : Matrix 1000 has infinite distance (>= 4.5).
Weigths reading.
Wseq weights
Constraint nksumdist
System construction.
System resolution (ldlt method).
Correction factor : 1.00806
Rates writting.
Branch lengths writting.

Total time : 820 mili seconds.
